CRITICAL - 2023-10-25 03:16:53 --> Invalid file: "page/home.php"
in SYSTEMPATH/Exceptions/FrameworkException.php on line 39.
 1 SYSTEMPATH/View/View.php(216): CodeIgniter\Exceptions\FrameworkException::forInvalidFile()
 2 SYSTEMPATH/Common.php(1190): CodeIgniter\View\View->render()
 3 APPPATH/Controllers/Pages.php(15): view()
 4 SYSTEMPATH/CodeIgniter.php(942): App\Controllers\Pages->index()
 5 SYSTEMPATH/CodeIgniter.php(502): CodeIgniter\CodeIgniter->runController()
 6 SYSTEMPATH/CodeIgniter.php(361): CodeIgniter\CodeIgniter->handleRequest()
 7 FCPATH/index.php(79): CodeIgniter\CodeIgniter->run()
 8 SYSTEMPATH/Commands/Server/rewrite.php(47): require_once('/home/alfa/Documents/code/belajar-ci/first-app/public/index.php')
CRITICAL - 2023-10-25 03:27:32 --> Call to undefined method CodeIgniter\View\View::extends()
in APPPATH/Views/pages/home.php on line 1.
 1 SYSTEMPATH/View/View.php(228): include()
 2 SYSTEMPATH/View/View.php(231): CodeIgniter\View\View->CodeIgniter\View\{closure}()
 3 SYSTEMPATH/Common.php(1190): CodeIgniter\View\View->render()
 4 APPPATH/Controllers/Pages.php(14): view()
 5 SYSTEMPATH/CodeIgniter.php(942): App\Controllers\Pages->index()
 6 SYSTEMPATH/CodeIgniter.php(502): CodeIgniter\CodeIgniter->runController()
 7 SYSTEMPATH/CodeIgniter.php(361): CodeIgniter\CodeIgniter->handleRequest()
 8 FCPATH/index.php(79): CodeIgniter\CodeIgniter->run()
 9 SYSTEMPATH/Commands/Server/rewrite.php(47): require_once('/home/alfa/Documents/code/belajar-ci/first-app/public/index.php')
CRITICAL - 2023-10-25 03:28:22 --> Invalid file: "utilities/header.php"
in SYSTEMPATH/Exceptions/FrameworkException.php on line 39.
 1 SYSTEMPATH/View/View.php(216): CodeIgniter\Exceptions\FrameworkException::forInvalidFile()
 2 SYSTEMPATH/Common.php(1190): CodeIgniter\View\View->render()
 3 APPPATH/Controllers/Pages.php(24): view()
 4 SYSTEMPATH/CodeIgniter.php(942): App\Controllers\Pages->about()
 5 SYSTEMPATH/CodeIgniter.php(502): CodeIgniter\CodeIgniter->runController()
 6 SYSTEMPATH/CodeIgniter.php(361): CodeIgniter\CodeIgniter->handleRequest()
 7 FCPATH/index.php(79): CodeIgniter\CodeIgniter->run()
 8 SYSTEMPATH/Commands/Server/rewrite.php(47): require_once('/home/alfa/Documents/code/belajar-ci/first-app/public/index.php')
CRITICAL - 2023-10-25 03:28:22 --> Invalid file: "utilities/header.php"
in SYSTEMPATH/Exceptions/FrameworkException.php on line 39.
 1 SYSTEMPATH/View/View.php(216): CodeIgniter\Exceptions\FrameworkException::forInvalidFile()
 2 SYSTEMPATH/Common.php(1190): CodeIgniter\View\View->render()
 3 APPPATH/Controllers/Pages.php(24): view()
 4 SYSTEMPATH/CodeIgniter.php(942): App\Controllers\Pages->about()
 5 SYSTEMPATH/CodeIgniter.php(502): CodeIgniter\CodeIgniter->runController()
 6 SYSTEMPATH/CodeIgniter.php(361): CodeIgniter\CodeIgniter->handleRequest()
 7 FCPATH/index.php(79): CodeIgniter\CodeIgniter->run()
 8 SYSTEMPATH/Commands/Server/rewrite.php(47): require_once('/home/alfa/Documents/code/belajar-ci/first-app/public/index.php')
CRITICAL - 2023-10-25 04:33:25 --> Undefined variable: data
in APPPATH/Views/layout/template.php on line 6.
 1 APPPATH/Views/layout/template.php(6): CodeIgniter\Debug\Exceptions->errorHandler()
 2 SYSTEMPATH/View/View.php(228): include('/home/alfa/Documents/code/belajar-ci/first-app/app/Views/layout/template.php')
 3 SYSTEMPATH/View/View.php(231): CodeIgniter\View\View->CodeIgniter\View\{closure}()
 4 SYSTEMPATH/View/View.php(244): CodeIgniter\View\View->render()
 5 SYSTEMPATH/Common.php(1190): CodeIgniter\View\View->render()
 6 APPPATH/Controllers/Pages.php(14): view()
 7 SYSTEMPATH/CodeIgniter.php(942): App\Controllers\Pages->index()
 8 SYSTEMPATH/CodeIgniter.php(502): CodeIgniter\CodeIgniter->runController()
 9 SYSTEMPATH/CodeIgniter.php(361): CodeIgniter\CodeIgniter->handleRequest()
10 FCPATH/index.php(79): CodeIgniter\CodeIgniter->run()
11 SYSTEMPATH/Commands/Server/rewrite.php(47): require_once('/home/alfa/Documents/code/belajar-ci/first-app/public/index.php')
CRITICAL - 2023-10-25 04:33:45 --> Call to undefined function baseurl()
in APPPATH/Views/layout/template.php on line 20.
 1 SYSTEMPATH/View/View.php(228): include()
 2 SYSTEMPATH/View/View.php(231): CodeIgniter\View\View->CodeIgniter\View\{closure}()
 3 SYSTEMPATH/View/View.php(244): CodeIgniter\View\View->render()
 4 SYSTEMPATH/Common.php(1190): CodeIgniter\View\View->render()
 5 APPPATH/Controllers/Pages.php(14): view()
 6 SYSTEMPATH/CodeIgniter.php(942): App\Controllers\Pages->index()
 7 SYSTEMPATH/CodeIgniter.php(502): CodeIgniter\CodeIgniter->runController()
 8 SYSTEMPATH/CodeIgniter.php(361): CodeIgniter\CodeIgniter->handleRequest()
 9 FCPATH/index.php(79): CodeIgniter\CodeIgniter->run()
10 SYSTEMPATH/Commands/Server/rewrite.php(47): require_once('/home/alfa/Documents/code/belajar-ci/first-app/public/index.php')
CRITICAL - 2023-10-25 04:34:21 --> Call to undefined function baseUrl()
in APPPATH/Views/layout/template.php on line 20.
 1 SYSTEMPATH/View/View.php(228): include()
 2 SYSTEMPATH/View/View.php(231): CodeIgniter\View\View->CodeIgniter\View\{closure}()
 3 SYSTEMPATH/View/View.php(244): CodeIgniter\View\View->render()
 4 SYSTEMPATH/Common.php(1190): CodeIgniter\View\View->render()
 5 APPPATH/Controllers/Pages.php(14): view()
 6 SYSTEMPATH/CodeIgniter.php(942): App\Controllers\Pages->index()
 7 SYSTEMPATH/CodeIgniter.php(502): CodeIgniter\CodeIgniter->runController()
 8 SYSTEMPATH/CodeIgniter.php(361): CodeIgniter\CodeIgniter->handleRequest()
 9 FCPATH/index.php(79): CodeIgniter\CodeIgniter->run()
10 SYSTEMPATH/Commands/Server/rewrite.php(47): require_once('/home/alfa/Documents/code/belajar-ci/first-app/public/index.php')
CRITICAL - 2023-10-25 05:57:02 --> syntax error, unexpected '">WebProgrammingUNPAS</a>' (T_CONSTANT_ENCAPSED_STRING), expecting ';' or ','
in APPPATH/Views/layout/template.php on line 14.
 1 SYSTEMPATH/View/View.php(231): CodeIgniter\View\View->CodeIgniter\View\{closure}()
 2 SYSTEMPATH/View/View.php(244): CodeIgniter\View\View->render()
 3 SYSTEMPATH/Common.php(1190): CodeIgniter\View\View->render()
 4 APPPATH/Controllers/Pages.php(14): view()
 5 SYSTEMPATH/CodeIgniter.php(942): App\Controllers\Pages->index()
 6 SYSTEMPATH/CodeIgniter.php(502): CodeIgniter\CodeIgniter->runController()
 7 SYSTEMPATH/CodeIgniter.php(361): CodeIgniter\CodeIgniter->handleRequest()
 8 FCPATH/index.php(79): CodeIgniter\CodeIgniter->run()
 9 SYSTEMPATH/Commands/Server/rewrite.php(47): require_once('/home/alfa/Documents/code/belajar-ci/first-app/public/index.php')
CRITICAL - 2023-10-25 06:06:28 --> syntax error, unexpected '$', expecting function (T_FUNCTION) or const (T_CONST)
in APPPATH/Controllers/Pages.php on line 7.
 1 SYSTEMPATH/Autoloader/Autoloader.php(291): CodeIgniter\Autoloader\Autoloader->includeFile()
 2 SYSTEMPATH/Autoloader/Autoloader.php(269): CodeIgniter\Autoloader\Autoloader->loadInNamespace()
 3 [internal function]: CodeIgniter\Autoloader\Autoloader->loadClass()
 4 [internal function]: spl_autoload_call()
 5 SYSTEMPATH/CodeIgniter.php(900): class_exists()
 6 SYSTEMPATH/CodeIgniter.php(489): CodeIgniter\CodeIgniter->startController()
 7 SYSTEMPATH/CodeIgniter.php(361): CodeIgniter\CodeIgniter->handleRequest()
 8 FCPATH/index.php(79): CodeIgniter\CodeIgniter->run()
 9 SYSTEMPATH/Commands/Server/rewrite.php(47): require_once('/home/alfa/Documents/code/belajar-ci/first-app/public/index.php')
CRITICAL - 2023-10-25 06:14:51 --> Call to protected App\Controllers\Pages::__construct() from context 'CodeIgniter\CodeIgniter'
in SYSTEMPATH/CodeIgniter.php on line 914.
 1 SYSTEMPATH/CodeIgniter.php(493): CodeIgniter\CodeIgniter->createController()
 2 SYSTEMPATH/CodeIgniter.php(361): CodeIgniter\CodeIgniter->handleRequest()
 3 FCPATH/index.php(79): CodeIgniter\CodeIgniter->run()
 4 SYSTEMPATH/Commands/Server/rewrite.php(47): require_once('/home/alfa/Documents/code/belajar-ci/first-app/public/index.php')
CRITICAL - 2023-10-25 06:15:31 --> Call to protected App\Controllers\Pages::__construct() from context 'CodeIgniter\CodeIgniter'
in SYSTEMPATH/CodeIgniter.php on line 914.
 1 SYSTEMPATH/CodeIgniter.php(493): CodeIgniter\CodeIgniter->createController()
 2 SYSTEMPATH/CodeIgniter.php(361): CodeIgniter\CodeIgniter->handleRequest()
 3 FCPATH/index.php(79): CodeIgniter\CodeIgniter->run()
 4 SYSTEMPATH/Commands/Server/rewrite.php(47): require_once('/home/alfa/Documents/code/belajar-ci/first-app/public/index.php')
CRITICAL - 2023-10-25 06:18:42 --> Call to protected App\Controllers\Pages::__construct() from context 'CodeIgniter\CodeIgniter'
in SYSTEMPATH/CodeIgniter.php on line 914.
 1 SYSTEMPATH/CodeIgniter.php(493): CodeIgniter\CodeIgniter->createController()
 2 SYSTEMPATH/CodeIgniter.php(361): CodeIgniter\CodeIgniter->handleRequest()
 3 FCPATH/index.php(79): CodeIgniter\CodeIgniter->run()
 4 SYSTEMPATH/Commands/Server/rewrite.php(47): require_once('/home/alfa/Documents/code/belajar-ci/first-app/public/index.php')
CRITICAL - 2023-10-25 06:19:45 --> Class 'App\Models\EmployeeModel' not found
in APPPATH/Controllers/Pages.php on line 30.
 1 SYSTEMPATH/CodeIgniter.php(942): App\Controllers\Pages->employee()
 2 SYSTEMPATH/CodeIgniter.php(502): CodeIgniter\CodeIgniter->runController()
 3 SYSTEMPATH/CodeIgniter.php(361): CodeIgniter\CodeIgniter->handleRequest()
 4 FCPATH/index.php(79): CodeIgniter\CodeIgniter->run()
 5 SYSTEMPATH/Commands/Server/rewrite.php(47): require_once('/home/alfa/Documents/code/belajar-ci/first-app/public/index.php')
CRITICAL - 2023-10-25 06:20:05 --> Use of undefined constant MYSQLI_STORE_RESULT - assumed 'MYSQLI_STORE_RESULT' (this will throw an Error in a future version of PHP)
in SYSTEMPATH/Database/Database.php on line 137.
 1 SYSTEMPATH/Database/Database.php(137): CodeIgniter\Debug\Exceptions->errorHandler()
 2 SYSTEMPATH/Database/Database.php(55): CodeIgniter\Database\Database->initDriver()
 3 SYSTEMPATH/Database/Config.php(83): CodeIgniter\Database\Database->load()
 4 SYSTEMPATH/Model.php(151): CodeIgniter\Database\Config::connect()
 5 APPPATH/Controllers/Pages.php(30): CodeIgniter\Model->__construct()
 6 SYSTEMPATH/CodeIgniter.php(942): App\Controllers\Pages->employee()
 7 SYSTEMPATH/CodeIgniter.php(502): CodeIgniter\CodeIgniter->runController()
 8 SYSTEMPATH/CodeIgniter.php(361): CodeIgniter\CodeIgniter->handleRequest()
 9 FCPATH/index.php(79): CodeIgniter\CodeIgniter->run()
10 SYSTEMPATH/Commands/Server/rewrite.php(47): require_once('/home/alfa/Documents/code/belajar-ci/first-app/public/index.php')
CRITICAL - 2023-10-25 06:24:10 --> Use of undefined constant MYSQLI_STORE_RESULT - assumed 'MYSQLI_STORE_RESULT' (this will throw an Error in a future version of PHP)
in SYSTEMPATH/Database/Database.php on line 137.
 1 SYSTEMPATH/Database/Database.php(137): CodeIgniter\Debug\Exceptions->errorHandler()
 2 SYSTEMPATH/Database/Database.php(55): CodeIgniter\Database\Database->initDriver()
 3 SYSTEMPATH/Database/Config.php(83): CodeIgniter\Database\Database->load()
 4 SYSTEMPATH/Model.php(151): CodeIgniter\Database\Config::connect()
 5 APPPATH/Controllers/Pages.php(30): CodeIgniter\Model->__construct()
 6 SYSTEMPATH/CodeIgniter.php(942): App\Controllers\Pages->employee()
 7 SYSTEMPATH/CodeIgniter.php(502): CodeIgniter\CodeIgniter->runController()
 8 SYSTEMPATH/CodeIgniter.php(361): CodeIgniter\CodeIgniter->handleRequest()
 9 FCPATH/index.php(79): CodeIgniter\CodeIgniter->run()
10 SYSTEMPATH/Commands/Server/rewrite.php(47): require_once('/home/alfa/Documents/code/belajar-ci/first-app/public/index.php')
CRITICAL - 2023-10-25 06:24:11 --> Use of undefined constant MYSQLI_STORE_RESULT - assumed 'MYSQLI_STORE_RESULT' (this will throw an Error in a future version of PHP)
in SYSTEMPATH/Database/Database.php on line 137.
 1 SYSTEMPATH/Database/Database.php(137): CodeIgniter\Debug\Exceptions->errorHandler()
 2 SYSTEMPATH/Database/Database.php(55): CodeIgniter\Database\Database->initDriver()
 3 SYSTEMPATH/Database/Config.php(83): CodeIgniter\Database\Database->load()
 4 SYSTEMPATH/Model.php(151): CodeIgniter\Database\Config::connect()
 5 APPPATH/Controllers/Pages.php(30): CodeIgniter\Model->__construct()
 6 SYSTEMPATH/CodeIgniter.php(942): App\Controllers\Pages->employee()
 7 SYSTEMPATH/CodeIgniter.php(502): CodeIgniter\CodeIgniter->runController()
 8 SYSTEMPATH/CodeIgniter.php(361): CodeIgniter\CodeIgniter->handleRequest()
 9 FCPATH/index.php(79): CodeIgniter\CodeIgniter->run()
10 SYSTEMPATH/Commands/Server/rewrite.php(47): require_once('/home/alfa/Documents/code/belajar-ci/first-app/public/index.php')
CRITICAL - 2023-10-25 06:24:11 --> Use of undefined constant MYSQLI_STORE_RESULT - assumed 'MYSQLI_STORE_RESULT' (this will throw an Error in a future version of PHP)
in SYSTEMPATH/Database/Database.php on line 137.
 1 SYSTEMPATH/Database/Database.php(137): CodeIgniter\Debug\Exceptions->errorHandler()
 2 SYSTEMPATH/Database/Database.php(55): CodeIgniter\Database\Database->initDriver()
 3 SYSTEMPATH/Database/Config.php(83): CodeIgniter\Database\Database->load()
 4 SYSTEMPATH/Model.php(151): CodeIgniter\Database\Config::connect()
 5 APPPATH/Controllers/Pages.php(30): CodeIgniter\Model->__construct()
 6 SYSTEMPATH/CodeIgniter.php(942): App\Controllers\Pages->employee()
 7 SYSTEMPATH/CodeIgniter.php(502): CodeIgniter\CodeIgniter->runController()
 8 SYSTEMPATH/CodeIgniter.php(361): CodeIgniter\CodeIgniter->handleRequest()
 9 FCPATH/index.php(79): CodeIgniter\CodeIgniter->run()
10 SYSTEMPATH/Commands/Server/rewrite.php(47): require_once('/home/alfa/Documents/code/belajar-ci/first-app/public/index.php')
CRITICAL - 2023-10-25 06:24:11 --> Use of undefined constant MYSQLI_STORE_RESULT - assumed 'MYSQLI_STORE_RESULT' (this will throw an Error in a future version of PHP)
in SYSTEMPATH/Database/Database.php on line 137.
 1 SYSTEMPATH/Database/Database.php(137): CodeIgniter\Debug\Exceptions->errorHandler()
 2 SYSTEMPATH/Database/Database.php(55): CodeIgniter\Database\Database->initDriver()
 3 SYSTEMPATH/Database/Config.php(83): CodeIgniter\Database\Database->load()
 4 SYSTEMPATH/Model.php(151): CodeIgniter\Database\Config::connect()
 5 APPPATH/Controllers/Pages.php(30): CodeIgniter\Model->__construct()
 6 SYSTEMPATH/CodeIgniter.php(942): App\Controllers\Pages->employee()
 7 SYSTEMPATH/CodeIgniter.php(502): CodeIgniter\CodeIgniter->runController()
 8 SYSTEMPATH/CodeIgniter.php(361): CodeIgniter\CodeIgniter->handleRequest()
 9 FCPATH/index.php(79): CodeIgniter\CodeIgniter->run()
10 SYSTEMPATH/Commands/Server/rewrite.php(47): require_once('/home/alfa/Documents/code/belajar-ci/first-app/public/index.php')
CRITICAL - 2023-10-25 06:24:12 --> Use of undefined constant MYSQLI_STORE_RESULT - assumed 'MYSQLI_STORE_RESULT' (this will throw an Error in a future version of PHP)
in SYSTEMPATH/Database/Database.php on line 137.
 1 SYSTEMPATH/Database/Database.php(137): CodeIgniter\Debug\Exceptions->errorHandler()
 2 SYSTEMPATH/Database/Database.php(55): CodeIgniter\Database\Database->initDriver()
 3 SYSTEMPATH/Database/Config.php(83): CodeIgniter\Database\Database->load()
 4 SYSTEMPATH/Model.php(151): CodeIgniter\Database\Config::connect()
 5 APPPATH/Controllers/Pages.php(30): CodeIgniter\Model->__construct()
 6 SYSTEMPATH/CodeIgniter.php(942): App\Controllers\Pages->employee()
 7 SYSTEMPATH/CodeIgniter.php(502): CodeIgniter\CodeIgniter->runController()
 8 SYSTEMPATH/CodeIgniter.php(361): CodeIgniter\CodeIgniter->handleRequest()
 9 FCPATH/index.php(79): CodeIgniter\CodeIgniter->run()
10 SYSTEMPATH/Commands/Server/rewrite.php(47): require_once('/home/alfa/Documents/code/belajar-ci/first-app/public/index.php')
CRITICAL - 2023-10-25 06:24:15 --> Use of undefined constant MYSQLI_STORE_RESULT - assumed 'MYSQLI_STORE_RESULT' (this will throw an Error in a future version of PHP)
in SYSTEMPATH/Database/Database.php on line 137.
 1 SYSTEMPATH/Database/Database.php(137): CodeIgniter\Debug\Exceptions->errorHandler()
 2 SYSTEMPATH/Database/Database.php(55): CodeIgniter\Database\Database->initDriver()
 3 SYSTEMPATH/Database/Config.php(83): CodeIgniter\Database\Database->load()
 4 SYSTEMPATH/Model.php(151): CodeIgniter\Database\Config::connect()
 5 APPPATH/Controllers/Pages.php(30): CodeIgniter\Model->__construct()
 6 SYSTEMPATH/CodeIgniter.php(942): App\Controllers\Pages->employee()
 7 SYSTEMPATH/CodeIgniter.php(502): CodeIgniter\CodeIgniter->runController()
 8 SYSTEMPATH/CodeIgniter.php(361): CodeIgniter\CodeIgniter->handleRequest()
 9 FCPATH/index.php(79): CodeIgniter\CodeIgniter->run()
10 SYSTEMPATH/Commands/Server/rewrite.php(47): require_once('/home/alfa/Documents/code/belajar-ci/first-app/public/index.php')
CRITICAL - 2023-10-25 06:28:54 --> Use of undefined constant MYSQLI_STORE_RESULT - assumed 'MYSQLI_STORE_RESULT' (this will throw an Error in a future version of PHP)
in SYSTEMPATH/Database/Database.php on line 137.
 1 SYSTEMPATH/Database/Database.php(137): CodeIgniter\Debug\Exceptions->errorHandler()
 2 SYSTEMPATH/Database/Database.php(55): CodeIgniter\Database\Database->initDriver()
 3 SYSTEMPATH/Database/Config.php(83): CodeIgniter\Database\Database->load()
 4 SYSTEMPATH/Model.php(151): CodeIgniter\Database\Config::connect()
 5 APPPATH/Controllers/Pages.php(30): CodeIgniter\Model->__construct()
 6 SYSTEMPATH/CodeIgniter.php(942): App\Controllers\Pages->employee()
 7 SYSTEMPATH/CodeIgniter.php(502): CodeIgniter\CodeIgniter->runController()
 8 SYSTEMPATH/CodeIgniter.php(361): CodeIgniter\CodeIgniter->handleRequest()
 9 FCPATH/index.php(79): CodeIgniter\CodeIgniter->run()
10 SYSTEMPATH/Commands/Server/rewrite.php(47): require_once('/home/alfa/Documents/code/belajar-ci/first-app/public/index.php')
CRITICAL - 2023-10-25 06:31:01 --> Use of undefined constant MYSQLI_STORE_RESULT - assumed 'MYSQLI_STORE_RESULT' (this will throw an Error in a future version of PHP)
in SYSTEMPATH/Database/Database.php on line 137.
 1 SYSTEMPATH/Database/Database.php(137): CodeIgniter\Debug\Exceptions->errorHandler()
 2 SYSTEMPATH/Database/Database.php(55): CodeIgniter\Database\Database->initDriver()
 3 SYSTEMPATH/Database/Config.php(83): CodeIgniter\Database\Database->load()
 4 SYSTEMPATH/Model.php(151): CodeIgniter\Database\Config::connect()
 5 APPPATH/Controllers/Pages.php(30): CodeIgniter\Model->__construct()
 6 SYSTEMPATH/CodeIgniter.php(942): App\Controllers\Pages->employee()
 7 SYSTEMPATH/CodeIgniter.php(502): CodeIgniter\CodeIgniter->runController()
 8 SYSTEMPATH/CodeIgniter.php(361): CodeIgniter\CodeIgniter->handleRequest()
 9 FCPATH/index.php(79): CodeIgniter\CodeIgniter->run()
10 SYSTEMPATH/Commands/Server/rewrite.php(47): require_once('/home/alfa/Documents/code/belajar-ci/first-app/public/index.php')
CRITICAL - 2023-10-25 06:36:13 --> Class 'App\Models\EmployeeModel' not found
in APPPATH/Controllers/Pages.php on line 30.
 1 SYSTEMPATH/CodeIgniter.php(942): App\Controllers\Pages->employee()
 2 SYSTEMPATH/CodeIgniter.php(502): CodeIgniter\CodeIgniter->runController()
 3 SYSTEMPATH/CodeIgniter.php(361): CodeIgniter\CodeIgniter->handleRequest()
 4 FCPATH/index.php(79): CodeIgniter\CodeIgniter->run()
 5 SYSTEMPATH/Commands/Server/rewrite.php(47): require_once('/home/alfa/Documents/code/belajar-ci/first-app/public/index.php')
CRITICAL - 2023-10-25 06:36:30 --> Use of undefined constant MYSQLI_STORE_RESULT - assumed 'MYSQLI_STORE_RESULT' (this will throw an Error in a future version of PHP)
in SYSTEMPATH/Database/Database.php on line 137.
 1 SYSTEMPATH/Database/Database.php(137): CodeIgniter\Debug\Exceptions->errorHandler()
 2 SYSTEMPATH/Database/Database.php(55): CodeIgniter\Database\Database->initDriver()
 3 SYSTEMPATH/Database/Config.php(83): CodeIgniter\Database\Database->load()
 4 SYSTEMPATH/Model.php(151): CodeIgniter\Database\Config::connect()
 5 APPPATH/Controllers/Pages.php(30): CodeIgniter\Model->__construct()
 6 SYSTEMPATH/CodeIgniter.php(942): App\Controllers\Pages->employee()
 7 SYSTEMPATH/CodeIgniter.php(502): CodeIgniter\CodeIgniter->runController()
 8 SYSTEMPATH/CodeIgniter.php(361): CodeIgniter\CodeIgniter->handleRequest()
 9 FCPATH/index.php(79): CodeIgniter\CodeIgniter->run()
10 SYSTEMPATH/Commands/Server/rewrite.php(47): require_once('/home/alfa/Documents/code/belajar-ci/first-app/public/index.php')
CRITICAL - 2023-10-25 06:39:45 --> Use of undefined constant MYSQLI_STORE_RESULT - assumed 'MYSQLI_STORE_RESULT' (this will throw an Error in a future version of PHP)
in SYSTEMPATH/Database/Database.php on line 137.
 1 SYSTEMPATH/Database/Database.php(137): CodeIgniter\Debug\Exceptions->errorHandler()
 2 SYSTEMPATH/Database/Database.php(55): CodeIgniter\Database\Database->initDriver()
 3 SYSTEMPATH/Database/Config.php(83): CodeIgniter\Database\Database->load()
 4 APPPATH/Controllers/Pages.php(30): CodeIgniter\Database\Config::connect()
 5 SYSTEMPATH/CodeIgniter.php(942): App\Controllers\Pages->employee()
 6 SYSTEMPATH/CodeIgniter.php(502): CodeIgniter\CodeIgniter->runController()
 7 SYSTEMPATH/CodeIgniter.php(361): CodeIgniter\CodeIgniter->handleRequest()
 8 FCPATH/index.php(79): CodeIgniter\CodeIgniter->run()
 9 SYSTEMPATH/Commands/Server/rewrite.php(47): require_once('/home/alfa/Documents/code/belajar-ci/first-app/public/index.php')
CRITICAL - 2023-10-25 06:39:46 --> Use of undefined constant MYSQLI_STORE_RESULT - assumed 'MYSQLI_STORE_RESULT' (this will throw an Error in a future version of PHP)
in SYSTEMPATH/Database/Database.php on line 137.
 1 SYSTEMPATH/Database/Database.php(137): CodeIgniter\Debug\Exceptions->errorHandler()
 2 SYSTEMPATH/Database/Database.php(55): CodeIgniter\Database\Database->initDriver()
 3 SYSTEMPATH/Database/Config.php(83): CodeIgniter\Database\Database->load()
 4 APPPATH/Controllers/Pages.php(30): CodeIgniter\Database\Config::connect()
 5 SYSTEMPATH/CodeIgniter.php(942): App\Controllers\Pages->employee()
 6 SYSTEMPATH/CodeIgniter.php(502): CodeIgniter\CodeIgniter->runController()
 7 SYSTEMPATH/CodeIgniter.php(361): CodeIgniter\CodeIgniter->handleRequest()
 8 FCPATH/index.php(79): CodeIgniter\CodeIgniter->run()
 9 SYSTEMPATH/Commands/Server/rewrite.php(47): require_once('/home/alfa/Documents/code/belajar-ci/first-app/public/index.php')
CRITICAL - 2023-10-25 06:39:46 --> Use of undefined constant MYSQLI_STORE_RESULT - assumed 'MYSQLI_STORE_RESULT' (this will throw an Error in a future version of PHP)
in SYSTEMPATH/Database/Database.php on line 137.
 1 SYSTEMPATH/Database/Database.php(137): CodeIgniter\Debug\Exceptions->errorHandler()
 2 SYSTEMPATH/Database/Database.php(55): CodeIgniter\Database\Database->initDriver()
 3 SYSTEMPATH/Database/Config.php(83): CodeIgniter\Database\Database->load()
 4 APPPATH/Controllers/Pages.php(30): CodeIgniter\Database\Config::connect()
 5 SYSTEMPATH/CodeIgniter.php(942): App\Controllers\Pages->employee()
 6 SYSTEMPATH/CodeIgniter.php(502): CodeIgniter\CodeIgniter->runController()
 7 SYSTEMPATH/CodeIgniter.php(361): CodeIgniter\CodeIgniter->handleRequest()
 8 FCPATH/index.php(79): CodeIgniter\CodeIgniter->run()
 9 SYSTEMPATH/Commands/Server/rewrite.php(47): require_once('/home/alfa/Documents/code/belajar-ci/first-app/public/index.php')
CRITICAL - 2023-10-25 06:39:47 --> Use of undefined constant MYSQLI_STORE_RESULT - assumed 'MYSQLI_STORE_RESULT' (this will throw an Error in a future version of PHP)
in SYSTEMPATH/Database/Database.php on line 137.
 1 SYSTEMPATH/Database/Database.php(137): CodeIgniter\Debug\Exceptions->errorHandler()
 2 SYSTEMPATH/Database/Database.php(55): CodeIgniter\Database\Database->initDriver()
 3 SYSTEMPATH/Database/Config.php(83): CodeIgniter\Database\Database->load()
 4 APPPATH/Controllers/Pages.php(30): CodeIgniter\Database\Config::connect()
 5 SYSTEMPATH/CodeIgniter.php(942): App\Controllers\Pages->employee()
 6 SYSTEMPATH/CodeIgniter.php(502): CodeIgniter\CodeIgniter->runController()
 7 SYSTEMPATH/CodeIgniter.php(361): CodeIgniter\CodeIgniter->handleRequest()
 8 FCPATH/index.php(79): CodeIgniter\CodeIgniter->run()
 9 SYSTEMPATH/Commands/Server/rewrite.php(47): require_once('/home/alfa/Documents/code/belajar-ci/first-app/public/index.php')
CRITICAL - 2023-10-25 06:39:47 --> Use of undefined constant MYSQLI_STORE_RESULT - assumed 'MYSQLI_STORE_RESULT' (this will throw an Error in a future version of PHP)
in SYSTEMPATH/Database/Database.php on line 137.
 1 SYSTEMPATH/Database/Database.php(137): CodeIgniter\Debug\Exceptions->errorHandler()
 2 SYSTEMPATH/Database/Database.php(55): CodeIgniter\Database\Database->initDriver()
 3 SYSTEMPATH/Database/Config.php(83): CodeIgniter\Database\Database->load()
 4 APPPATH/Controllers/Pages.php(30): CodeIgniter\Database\Config::connect()
 5 SYSTEMPATH/CodeIgniter.php(942): App\Controllers\Pages->employee()
 6 SYSTEMPATH/CodeIgniter.php(502): CodeIgniter\CodeIgniter->runController()
 7 SYSTEMPATH/CodeIgniter.php(361): CodeIgniter\CodeIgniter->handleRequest()
 8 FCPATH/index.php(79): CodeIgniter\CodeIgniter->run()
 9 SYSTEMPATH/Commands/Server/rewrite.php(47): require_once('/home/alfa/Documents/code/belajar-ci/first-app/public/index.php')
CRITICAL - 2023-10-25 06:39:47 --> Use of undefined constant MYSQLI_STORE_RESULT - assumed 'MYSQLI_STORE_RESULT' (this will throw an Error in a future version of PHP)
in SYSTEMPATH/Database/Database.php on line 137.
 1 SYSTEMPATH/Database/Database.php(137): CodeIgniter\Debug\Exceptions->errorHandler()
 2 SYSTEMPATH/Database/Database.php(55): CodeIgniter\Database\Database->initDriver()
 3 SYSTEMPATH/Database/Config.php(83): CodeIgniter\Database\Database->load()
 4 APPPATH/Controllers/Pages.php(30): CodeIgniter\Database\Config::connect()
 5 SYSTEMPATH/CodeIgniter.php(942): App\Controllers\Pages->employee()
 6 SYSTEMPATH/CodeIgniter.php(502): CodeIgniter\CodeIgniter->runController()
 7 SYSTEMPATH/CodeIgniter.php(361): CodeIgniter\CodeIgniter->handleRequest()
 8 FCPATH/index.php(79): CodeIgniter\CodeIgniter->run()
 9 SYSTEMPATH/Commands/Server/rewrite.php(47): require_once('/home/alfa/Documents/code/belajar-ci/first-app/public/index.php')
CRITICAL - 2023-10-25 06:39:48 --> Use of undefined constant MYSQLI_STORE_RESULT - assumed 'MYSQLI_STORE_RESULT' (this will throw an Error in a future version of PHP)
in SYSTEMPATH/Database/Database.php on line 137.
 1 SYSTEMPATH/Database/Database.php(137): CodeIgniter\Debug\Exceptions->errorHandler()
 2 SYSTEMPATH/Database/Database.php(55): CodeIgniter\Database\Database->initDriver()
 3 SYSTEMPATH/Database/Config.php(83): CodeIgniter\Database\Database->load()
 4 APPPATH/Controllers/Pages.php(30): CodeIgniter\Database\Config::connect()
 5 SYSTEMPATH/CodeIgniter.php(942): App\Controllers\Pages->employee()
 6 SYSTEMPATH/CodeIgniter.php(502): CodeIgniter\CodeIgniter->runController()
 7 SYSTEMPATH/CodeIgniter.php(361): CodeIgniter\CodeIgniter->handleRequest()
 8 FCPATH/index.php(79): CodeIgniter\CodeIgniter->run()
 9 SYSTEMPATH/Commands/Server/rewrite.php(47): require_once('/home/alfa/Documents/code/belajar-ci/first-app/public/index.php')
CRITICAL - 2023-10-25 06:39:48 --> Use of undefined constant MYSQLI_STORE_RESULT - assumed 'MYSQLI_STORE_RESULT' (this will throw an Error in a future version of PHP)
in SYSTEMPATH/Database/Database.php on line 137.
 1 SYSTEMPATH/Database/Database.php(137): CodeIgniter\Debug\Exceptions->errorHandler()
 2 SYSTEMPATH/Database/Database.php(55): CodeIgniter\Database\Database->initDriver()
 3 SYSTEMPATH/Database/Config.php(83): CodeIgniter\Database\Database->load()
 4 APPPATH/Controllers/Pages.php(30): CodeIgniter\Database\Config::connect()
 5 SYSTEMPATH/CodeIgniter.php(942): App\Controllers\Pages->employee()
 6 SYSTEMPATH/CodeIgniter.php(502): CodeIgniter\CodeIgniter->runController()
 7 SYSTEMPATH/CodeIgniter.php(361): CodeIgniter\CodeIgniter->handleRequest()
 8 FCPATH/index.php(79): CodeIgniter\CodeIgniter->run()
 9 SYSTEMPATH/Commands/Server/rewrite.php(47): require_once('/home/alfa/Documents/code/belajar-ci/first-app/public/index.php')
CRITICAL - 2023-10-25 06:39:49 --> Use of undefined constant MYSQLI_STORE_RESULT - assumed 'MYSQLI_STORE_RESULT' (this will throw an Error in a future version of PHP)
in SYSTEMPATH/Database/Database.php on line 137.
 1 SYSTEMPATH/Database/Database.php(137): CodeIgniter\Debug\Exceptions->errorHandler()
 2 SYSTEMPATH/Database/Database.php(55): CodeIgniter\Database\Database->initDriver()
 3 SYSTEMPATH/Database/Config.php(83): CodeIgniter\Database\Database->load()
 4 APPPATH/Controllers/Pages.php(30): CodeIgniter\Database\Config::connect()
 5 SYSTEMPATH/CodeIgniter.php(942): App\Controllers\Pages->employee()
 6 SYSTEMPATH/CodeIgniter.php(502): CodeIgniter\CodeIgniter->runController()
 7 SYSTEMPATH/CodeIgniter.php(361): CodeIgniter\CodeIgniter->handleRequest()
 8 FCPATH/index.php(79): CodeIgniter\CodeIgniter->run()
 9 SYSTEMPATH/Commands/Server/rewrite.php(47): require_once('/home/alfa/Documents/code/belajar-ci/first-app/public/index.php')
CRITICAL - 2023-10-25 06:41:41 --> Use of undefined constant MYSQLI_STORE_RESULT - assumed 'MYSQLI_STORE_RESULT' (this will throw an Error in a future version of PHP)
in SYSTEMPATH/Database/Database.php on line 137.
 1 SYSTEMPATH/Database/Database.php(137): CodeIgniter\Debug\Exceptions->errorHandler()
 2 SYSTEMPATH/Database/Database.php(55): CodeIgniter\Database\Database->initDriver()
 3 SYSTEMPATH/Database/Config.php(83): CodeIgniter\Database\Database->load()
 4 APPPATH/Controllers/Pages.php(30): CodeIgniter\Database\Config::connect()
 5 SYSTEMPATH/CodeIgniter.php(942): App\Controllers\Pages->employee()
 6 SYSTEMPATH/CodeIgniter.php(502): CodeIgniter\CodeIgniter->runController()
 7 SYSTEMPATH/CodeIgniter.php(361): CodeIgniter\CodeIgniter->handleRequest()
 8 FCPATH/index.php(79): CodeIgniter\CodeIgniter->run()
 9 SYSTEMPATH/Commands/Server/rewrite.php(47): require_once('/home/alfa/Documents/code/belajar-ci/first-app/public/index.php')
CRITICAL - 2023-10-25 06:41:42 --> Use of undefined constant MYSQLI_STORE_RESULT - assumed 'MYSQLI_STORE_RESULT' (this will throw an Error in a future version of PHP)
in SYSTEMPATH/Database/Database.php on line 137.
 1 SYSTEMPATH/Database/Database.php(137): CodeIgniter\Debug\Exceptions->errorHandler()
 2 SYSTEMPATH/Database/Database.php(55): CodeIgniter\Database\Database->initDriver()
 3 SYSTEMPATH/Database/Config.php(83): CodeIgniter\Database\Database->load()
 4 APPPATH/Controllers/Pages.php(30): CodeIgniter\Database\Config::connect()
 5 SYSTEMPATH/CodeIgniter.php(942): App\Controllers\Pages->employee()
 6 SYSTEMPATH/CodeIgniter.php(502): CodeIgniter\CodeIgniter->runController()
 7 SYSTEMPATH/CodeIgniter.php(361): CodeIgniter\CodeIgniter->handleRequest()
 8 FCPATH/index.php(79): CodeIgniter\CodeIgniter->run()
 9 SYSTEMPATH/Commands/Server/rewrite.php(47): require_once('/home/alfa/Documents/code/belajar-ci/first-app/public/index.php')
CRITICAL - 2023-10-25 06:50:55 --> Use of undefined constant MYSQLI_STORE_RESULT - assumed 'MYSQLI_STORE_RESULT' (this will throw an Error in a future version of PHP)
in SYSTEMPATH/Database/Database.php on line 137.
 1 SYSTEMPATH/Database/Database.php(137): CodeIgniter\Debug\Exceptions->errorHandler()
 2 SYSTEMPATH/Database/Database.php(55): CodeIgniter\Database\Database->initDriver()
 3 SYSTEMPATH/Database/Config.php(83): CodeIgniter\Database\Database->load()
 4 APPPATH/Controllers/Pages.php(30): CodeIgniter\Database\Config::connect()
 5 SYSTEMPATH/CodeIgniter.php(942): App\Controllers\Pages->employee()
 6 SYSTEMPATH/CodeIgniter.php(502): CodeIgniter\CodeIgniter->runController()
 7 SYSTEMPATH/CodeIgniter.php(361): CodeIgniter\CodeIgniter->handleRequest()
 8 FCPATH/index.php(79): CodeIgniter\CodeIgniter->run()
 9 SYSTEMPATH/Commands/Server/rewrite.php(47): require_once('/home/alfa/Documents/code/belajar-ci/first-app/public/index.php')
CRITICAL - 2023-10-25 06:50:56 --> Use of undefined constant MYSQLI_STORE_RESULT - assumed 'MYSQLI_STORE_RESULT' (this will throw an Error in a future version of PHP)
in SYSTEMPATH/Database/Database.php on line 137.
 1 SYSTEMPATH/Database/Database.php(137): CodeIgniter\Debug\Exceptions->errorHandler()
 2 SYSTEMPATH/Database/Database.php(55): CodeIgniter\Database\Database->initDriver()
 3 SYSTEMPATH/Database/Config.php(83): CodeIgniter\Database\Database->load()
 4 APPPATH/Controllers/Pages.php(30): CodeIgniter\Database\Config::connect()
 5 SYSTEMPATH/CodeIgniter.php(942): App\Controllers\Pages->employee()
 6 SYSTEMPATH/CodeIgniter.php(502): CodeIgniter\CodeIgniter->runController()
 7 SYSTEMPATH/CodeIgniter.php(361): CodeIgniter\CodeIgniter->handleRequest()
 8 FCPATH/index.php(79): CodeIgniter\CodeIgniter->run()
 9 SYSTEMPATH/Commands/Server/rewrite.php(47): require_once('/home/alfa/Documents/code/belajar-ci/first-app/public/index.php')
CRITICAL - 2023-10-25 06:50:56 --> Use of undefined constant MYSQLI_STORE_RESULT - assumed 'MYSQLI_STORE_RESULT' (this will throw an Error in a future version of PHP)
in SYSTEMPATH/Database/Database.php on line 137.
 1 SYSTEMPATH/Database/Database.php(137): CodeIgniter\Debug\Exceptions->errorHandler()
 2 SYSTEMPATH/Database/Database.php(55): CodeIgniter\Database\Database->initDriver()
 3 SYSTEMPATH/Database/Config.php(83): CodeIgniter\Database\Database->load()
 4 APPPATH/Controllers/Pages.php(30): CodeIgniter\Database\Config::connect()
 5 SYSTEMPATH/CodeIgniter.php(942): App\Controllers\Pages->employee()
 6 SYSTEMPATH/CodeIgniter.php(502): CodeIgniter\CodeIgniter->runController()
 7 SYSTEMPATH/CodeIgniter.php(361): CodeIgniter\CodeIgniter->handleRequest()
 8 FCPATH/index.php(79): CodeIgniter\CodeIgniter->run()
 9 SYSTEMPATH/Commands/Server/rewrite.php(47): require_once('/home/alfa/Documents/code/belajar-ci/first-app/public/index.php')
CRITICAL - 2023-10-25 06:50:57 --> Use of undefined constant MYSQLI_STORE_RESULT - assumed 'MYSQLI_STORE_RESULT' (this will throw an Error in a future version of PHP)
in SYSTEMPATH/Database/Database.php on line 137.
 1 SYSTEMPATH/Database/Database.php(137): CodeIgniter\Debug\Exceptions->errorHandler()
 2 SYSTEMPATH/Database/Database.php(55): CodeIgniter\Database\Database->initDriver()
 3 SYSTEMPATH/Database/Config.php(83): CodeIgniter\Database\Database->load()
 4 APPPATH/Controllers/Pages.php(30): CodeIgniter\Database\Config::connect()
 5 SYSTEMPATH/CodeIgniter.php(942): App\Controllers\Pages->employee()
 6 SYSTEMPATH/CodeIgniter.php(502): CodeIgniter\CodeIgniter->runController()
 7 SYSTEMPATH/CodeIgniter.php(361): CodeIgniter\CodeIgniter->handleRequest()
 8 FCPATH/index.php(79): CodeIgniter\CodeIgniter->run()
 9 SYSTEMPATH/Commands/Server/rewrite.php(47): require_once('/home/alfa/Documents/code/belajar-ci/first-app/public/index.php')
CRITICAL - 2023-10-25 06:50:57 --> Use of undefined constant MYSQLI_STORE_RESULT - assumed 'MYSQLI_STORE_RESULT' (this will throw an Error in a future version of PHP)
in SYSTEMPATH/Database/Database.php on line 137.
 1 SYSTEMPATH/Database/Database.php(137): CodeIgniter\Debug\Exceptions->errorHandler()
 2 SYSTEMPATH/Database/Database.php(55): CodeIgniter\Database\Database->initDriver()
 3 SYSTEMPATH/Database/Config.php(83): CodeIgniter\Database\Database->load()
 4 APPPATH/Controllers/Pages.php(30): CodeIgniter\Database\Config::connect()
 5 SYSTEMPATH/CodeIgniter.php(942): App\Controllers\Pages->employee()
 6 SYSTEMPATH/CodeIgniter.php(502): CodeIgniter\CodeIgniter->runController()
 7 SYSTEMPATH/CodeIgniter.php(361): CodeIgniter\CodeIgniter->handleRequest()
 8 FCPATH/index.php(79): CodeIgniter\CodeIgniter->run()
 9 SYSTEMPATH/Commands/Server/rewrite.php(47): require_once('/home/alfa/Documents/code/belajar-ci/first-app/public/index.php')
CRITICAL - 2023-10-25 06:54:05 --> Use of undefined constant MYSQLI_STORE_RESULT - assumed 'MYSQLI_STORE_RESULT' (this will throw an Error in a future version of PHP)
in SYSTEMPATH/Database/Database.php on line 137.
 1 SYSTEMPATH/Database/Database.php(137): CodeIgniter\Debug\Exceptions->errorHandler()
 2 SYSTEMPATH/Database/Database.php(55): CodeIgniter\Database\Database->initDriver()
 3 SYSTEMPATH/Database/Config.php(83): CodeIgniter\Database\Database->load()
 4 SYSTEMPATH/Model.php(151): CodeIgniter\Database\Config::connect()
 5 APPPATH/Controllers/Pages.php(32): CodeIgniter\Model->__construct()
 6 SYSTEMPATH/CodeIgniter.php(942): App\Controllers\Pages->employee()
 7 SYSTEMPATH/CodeIgniter.php(502): CodeIgniter\CodeIgniter->runController()
 8 SYSTEMPATH/CodeIgniter.php(361): CodeIgniter\CodeIgniter->handleRequest()
 9 FCPATH/index.php(79): CodeIgniter\CodeIgniter->run()
10 SYSTEMPATH/Commands/Server/rewrite.php(47): require_once('/home/alfa/Documents/code/belajar-ci/first-app/public/index.php')
CRITICAL - 2023-10-25 06:57:56 --> Use of undefined constant MYSQLI_STORE_RESULT - assumed 'MYSQLI_STORE_RESULT' (this will throw an Error in a future version of PHP)
in SYSTEMPATH/Database/Database.php on line 137.
 1 SYSTEMPATH/Database/Database.php(137): CodeIgniter\Debug\Exceptions->errorHandler()
 2 SYSTEMPATH/Database/Database.php(55): CodeIgniter\Database\Database->initDriver()
 3 SYSTEMPATH/Database/Config.php(83): CodeIgniter\Database\Database->load()
 4 SYSTEMPATH/Model.php(151): CodeIgniter\Database\Config::connect()
 5 APPPATH/Controllers/Pages.php(32): CodeIgniter\Model->__construct()
 6 SYSTEMPATH/CodeIgniter.php(942): App\Controllers\Pages->employee()
 7 SYSTEMPATH/CodeIgniter.php(502): CodeIgniter\CodeIgniter->runController()
 8 SYSTEMPATH/CodeIgniter.php(361): CodeIgniter\CodeIgniter->handleRequest()
 9 FCPATH/index.php(79): CodeIgniter\CodeIgniter->run()
10 SYSTEMPATH/Commands/Server/rewrite.php(47): require_once('/home/alfa/Documents/code/belajar-ci/first-app/public/index.php')
CRITICAL - 2023-10-25 06:57:57 --> Use of undefined constant MYSQLI_STORE_RESULT - assumed 'MYSQLI_STORE_RESULT' (this will throw an Error in a future version of PHP)
in SYSTEMPATH/Database/Database.php on line 137.
 1 SYSTEMPATH/Database/Database.php(137): CodeIgniter\Debug\Exceptions->errorHandler()
 2 SYSTEMPATH/Database/Database.php(55): CodeIgniter\Database\Database->initDriver()
 3 SYSTEMPATH/Database/Config.php(83): CodeIgniter\Database\Database->load()
 4 SYSTEMPATH/Model.php(151): CodeIgniter\Database\Config::connect()
 5 APPPATH/Controllers/Pages.php(32): CodeIgniter\Model->__construct()
 6 SYSTEMPATH/CodeIgniter.php(942): App\Controllers\Pages->employee()
 7 SYSTEMPATH/CodeIgniter.php(502): CodeIgniter\CodeIgniter->runController()
 8 SYSTEMPATH/CodeIgniter.php(361): CodeIgniter\CodeIgniter->handleRequest()
 9 FCPATH/index.php(79): CodeIgniter\CodeIgniter->run()
10 SYSTEMPATH/Commands/Server/rewrite.php(47): require_once('/home/alfa/Documents/code/belajar-ci/first-app/public/index.php')
CRITICAL - 2023-10-25 06:57:58 --> Use of undefined constant MYSQLI_STORE_RESULT - assumed 'MYSQLI_STORE_RESULT' (this will throw an Error in a future version of PHP)
in SYSTEMPATH/Database/Database.php on line 137.
 1 SYSTEMPATH/Database/Database.php(137): CodeIgniter\Debug\Exceptions->errorHandler()
 2 SYSTEMPATH/Database/Database.php(55): CodeIgniter\Database\Database->initDriver()
 3 SYSTEMPATH/Database/Config.php(83): CodeIgniter\Database\Database->load()
 4 SYSTEMPATH/Model.php(151): CodeIgniter\Database\Config::connect()
 5 APPPATH/Controllers/Pages.php(32): CodeIgniter\Model->__construct()
 6 SYSTEMPATH/CodeIgniter.php(942): App\Controllers\Pages->employee()
 7 SYSTEMPATH/CodeIgniter.php(502): CodeIgniter\CodeIgniter->runController()
 8 SYSTEMPATH/CodeIgniter.php(361): CodeIgniter\CodeIgniter->handleRequest()
 9 FCPATH/index.php(79): CodeIgniter\CodeIgniter->run()
10 SYSTEMPATH/Commands/Server/rewrite.php(47): require_once('/home/alfa/Documents/code/belajar-ci/first-app/public/index.php')
CRITICAL - 2023-10-25 06:57:58 --> Use of undefined constant MYSQLI_STORE_RESULT - assumed 'MYSQLI_STORE_RESULT' (this will throw an Error in a future version of PHP)
in SYSTEMPATH/Database/Database.php on line 137.
 1 SYSTEMPATH/Database/Database.php(137): CodeIgniter\Debug\Exceptions->errorHandler()
 2 SYSTEMPATH/Database/Database.php(55): CodeIgniter\Database\Database->initDriver()
 3 SYSTEMPATH/Database/Config.php(83): CodeIgniter\Database\Database->load()
 4 SYSTEMPATH/Model.php(151): CodeIgniter\Database\Config::connect()
 5 APPPATH/Controllers/Pages.php(32): CodeIgniter\Model->__construct()
 6 SYSTEMPATH/CodeIgniter.php(942): App\Controllers\Pages->employee()
 7 SYSTEMPATH/CodeIgniter.php(502): CodeIgniter\CodeIgniter->runController()
 8 SYSTEMPATH/CodeIgniter.php(361): CodeIgniter\CodeIgniter->handleRequest()
 9 FCPATH/index.php(79): CodeIgniter\CodeIgniter->run()
10 SYSTEMPATH/Commands/Server/rewrite.php(47): require_once('/home/alfa/Documents/code/belajar-ci/first-app/public/index.php')
CRITICAL - 2023-10-25 06:57:58 --> Use of undefined constant MYSQLI_STORE_RESULT - assumed 'MYSQLI_STORE_RESULT' (this will throw an Error in a future version of PHP)
in SYSTEMPATH/Database/Database.php on line 137.
 1 SYSTEMPATH/Database/Database.php(137): CodeIgniter\Debug\Exceptions->errorHandler()
 2 SYSTEMPATH/Database/Database.php(55): CodeIgniter\Database\Database->initDriver()
 3 SYSTEMPATH/Database/Config.php(83): CodeIgniter\Database\Database->load()
 4 SYSTEMPATH/Model.php(151): CodeIgniter\Database\Config::connect()
 5 APPPATH/Controllers/Pages.php(32): CodeIgniter\Model->__construct()
 6 SYSTEMPATH/CodeIgniter.php(942): App\Controllers\Pages->employee()
 7 SYSTEMPATH/CodeIgniter.php(502): CodeIgniter\CodeIgniter->runController()
 8 SYSTEMPATH/CodeIgniter.php(361): CodeIgniter\CodeIgniter->handleRequest()
 9 FCPATH/index.php(79): CodeIgniter\CodeIgniter->run()
10 SYSTEMPATH/Commands/Server/rewrite.php(47): require_once('/home/alfa/Documents/code/belajar-ci/first-app/public/index.php')
