CRITICAL - 2023-10-26 16:19:06 --> Use of undefined constant MYSQLI_STORE_RESULT - assumed 'MYSQLI_STORE_RESULT' (this will throw an Error in a future version of PHP)
in SYSTEMPATH/Database/Database.php on line 137.
 1 SYSTEMPATH/Database/Database.php(137): CodeIgniter\Debug\Exceptions->errorHandler()
 2 SYSTEMPATH/Database/Database.php(55): CodeIgniter\Database\Database->initDriver()
 3 SYSTEMPATH/Database/Config.php(83): CodeIgniter\Database\Database->load()
 4 SYSTEMPATH/Model.php(151): CodeIgniter\Database\Config::connect()
 5 APPPATH/Controllers/Pages.php(32): CodeIgniter\Model->__construct()
 6 SYSTEMPATH/CodeIgniter.php(942): App\Controllers\Pages->employee()
 7 SYSTEMPATH/CodeIgniter.php(502): CodeIgniter\CodeIgniter->runController()
 8 SYSTEMPATH/CodeIgniter.php(361): CodeIgniter\CodeIgniter->handleRequest()
 9 FCPATH/index.php(79): CodeIgniter\CodeIgniter->run()
10 SYSTEMPATH/Commands/Server/rewrite.php(47): require_once('/home/alfa/Documents/code/belajar-ci/first-app/public/index.php')
CRITICAL - 2023-10-26 16:21:00 --> Undefined variable: data_employee
in APPPATH/Controllers/Pages.php on line 37.
 1 APPPATH/Controllers/Pages.php(37): CodeIgniter\Debug\Exceptions->errorHandler()
 2 SYSTEMPATH/CodeIgniter.php(942): App\Controllers\Pages->employee()
 3 SYSTEMPATH/CodeIgniter.php(502): CodeIgniter\CodeIgniter->runController()
 4 SYSTEMPATH/CodeIgniter.php(361): CodeIgniter\CodeIgniter->handleRequest()
 5 FCPATH/index.php(79): CodeIgniter\CodeIgniter->run()
 6 SYSTEMPATH/Commands/Server/rewrite.php(47): require_once('/home/alfa/Documents/code/belajar-ci/first-app/public/index.php')
CRITICAL - 2023-10-26 16:21:21 --> Use of undefined constant MYSQLI_STORE_RESULT - assumed 'MYSQLI_STORE_RESULT' (this will throw an Error in a future version of PHP)
in SYSTEMPATH/Database/Database.php on line 137.
 1 SYSTEMPATH/Database/Database.php(137): CodeIgniter\Debug\Exceptions->errorHandler()
 2 SYSTEMPATH/Database/Database.php(55): CodeIgniter\Database\Database->initDriver()
 3 SYSTEMPATH/Database/Config.php(83): CodeIgniter\Database\Database->load()
 4 SYSTEMPATH/Model.php(151): CodeIgniter\Database\Config::connect()
 5 APPPATH/Controllers/Pages.php(32): CodeIgniter\Model->__construct()
 6 SYSTEMPATH/CodeIgniter.php(942): App\Controllers\Pages->employee()
 7 SYSTEMPATH/CodeIgniter.php(502): CodeIgniter\CodeIgniter->runController()
 8 SYSTEMPATH/CodeIgniter.php(361): CodeIgniter\CodeIgniter->handleRequest()
 9 FCPATH/index.php(79): CodeIgniter\CodeIgniter->run()
10 SYSTEMPATH/Commands/Server/rewrite.php(47): require_once('/home/alfa/Documents/code/belajar-ci/first-app/public/index.php')
CRITICAL - 2023-10-26 16:21:32 --> Use of undefined constant MYSQLI_STORE_RESULT - assumed 'MYSQLI_STORE_RESULT' (this will throw an Error in a future version of PHP)
in SYSTEMPATH/Database/Database.php on line 137.
 1 SYSTEMPATH/Database/Database.php(137): CodeIgniter\Debug\Exceptions->errorHandler()
 2 SYSTEMPATH/Database/Database.php(55): CodeIgniter\Database\Database->initDriver()
 3 SYSTEMPATH/Database/Config.php(83): CodeIgniter\Database\Database->load()
 4 APPPATH/Controllers/Pages.php(30): CodeIgniter\Database\Config::connect()
 5 SYSTEMPATH/CodeIgniter.php(942): App\Controllers\Pages->employee()
 6 SYSTEMPATH/CodeIgniter.php(502): CodeIgniter\CodeIgniter->runController()
 7 SYSTEMPATH/CodeIgniter.php(361): CodeIgniter\CodeIgniter->handleRequest()
 8 FCPATH/index.php(79): CodeIgniter\CodeIgniter->run()
 9 SYSTEMPATH/Commands/Server/rewrite.php(47): require_once('/home/alfa/Documents/code/belajar-ci/first-app/public/index.php')
CRITICAL - 2023-10-26 16:21:32 --> Use of undefined constant MYSQLI_STORE_RESULT - assumed 'MYSQLI_STORE_RESULT' (this will throw an Error in a future version of PHP)
in SYSTEMPATH/Database/Database.php on line 137.
 1 SYSTEMPATH/Database/Database.php(137): CodeIgniter\Debug\Exceptions->errorHandler()
 2 SYSTEMPATH/Database/Database.php(55): CodeIgniter\Database\Database->initDriver()
 3 SYSTEMPATH/Database/Config.php(83): CodeIgniter\Database\Database->load()
 4 APPPATH/Controllers/Pages.php(30): CodeIgniter\Database\Config::connect()
 5 SYSTEMPATH/CodeIgniter.php(942): App\Controllers\Pages->employee()
 6 SYSTEMPATH/CodeIgniter.php(502): CodeIgniter\CodeIgniter->runController()
 7 SYSTEMPATH/CodeIgniter.php(361): CodeIgniter\CodeIgniter->handleRequest()
 8 FCPATH/index.php(79): CodeIgniter\CodeIgniter->run()
 9 SYSTEMPATH/Commands/Server/rewrite.php(47): require_once('/home/alfa/Documents/code/belajar-ci/first-app/public/index.php')
CRITICAL - 2023-10-26 16:21:32 --> Use of undefined constant MYSQLI_STORE_RESULT - assumed 'MYSQLI_STORE_RESULT' (this will throw an Error in a future version of PHP)
in SYSTEMPATH/Database/Database.php on line 137.
 1 SYSTEMPATH/Database/Database.php(137): CodeIgniter\Debug\Exceptions->errorHandler()
 2 SYSTEMPATH/Database/Database.php(55): CodeIgniter\Database\Database->initDriver()
 3 SYSTEMPATH/Database/Config.php(83): CodeIgniter\Database\Database->load()
 4 APPPATH/Controllers/Pages.php(30): CodeIgniter\Database\Config::connect()
 5 SYSTEMPATH/CodeIgniter.php(942): App\Controllers\Pages->employee()
 6 SYSTEMPATH/CodeIgniter.php(502): CodeIgniter\CodeIgniter->runController()
 7 SYSTEMPATH/CodeIgniter.php(361): CodeIgniter\CodeIgniter->handleRequest()
 8 FCPATH/index.php(79): CodeIgniter\CodeIgniter->run()
 9 SYSTEMPATH/Commands/Server/rewrite.php(47): require_once('/home/alfa/Documents/code/belajar-ci/first-app/public/index.php')
CRITICAL - 2023-10-26 16:28:32 --> Use of undefined constant MYSQLI_STORE_RESULT - assumed 'MYSQLI_STORE_RESULT' (this will throw an Error in a future version of PHP)
in SYSTEMPATH/Database/Database.php on line 137.
 1 SYSTEMPATH/Database/Database.php(137): CodeIgniter\Debug\Exceptions->errorHandler()
 2 SYSTEMPATH/Database/Database.php(55): CodeIgniter\Database\Database->initDriver()
 3 SYSTEMPATH/Database/Config.php(83): CodeIgniter\Database\Database->load()
 4 APPPATH/Controllers/Pages.php(30): CodeIgniter\Database\Config::connect()
 5 SYSTEMPATH/CodeIgniter.php(942): App\Controllers\Pages->employee()
 6 SYSTEMPATH/CodeIgniter.php(502): CodeIgniter\CodeIgniter->runController()
 7 SYSTEMPATH/CodeIgniter.php(361): CodeIgniter\CodeIgniter->handleRequest()
 8 FCPATH/index.php(79): CodeIgniter\CodeIgniter->run()
 9 SYSTEMPATH/Commands/Server/rewrite.php(47): require_once('/home/alfa/Documents/code/belajar-ci/first-app/public/index.php')
CRITICAL - 2023-10-26 16:29:40 --> Use of undefined constant MYSQLI_STORE_RESULT - assumed 'MYSQLI_STORE_RESULT' (this will throw an Error in a future version of PHP)
in SYSTEMPATH/Database/Database.php on line 137.
 1 SYSTEMPATH/Database/Database.php(137): CodeIgniter\Debug\Exceptions->errorHandler()
 2 SYSTEMPATH/Database/Database.php(55): CodeIgniter\Database\Database->initDriver()
 3 SYSTEMPATH/Database/Config.php(83): CodeIgniter\Database\Database->load()
 4 APPPATH/Controllers/Pages.php(30): CodeIgniter\Database\Config::connect()
 5 SYSTEMPATH/CodeIgniter.php(942): App\Controllers\Pages->employee()
 6 SYSTEMPATH/CodeIgniter.php(502): CodeIgniter\CodeIgniter->runController()
 7 SYSTEMPATH/CodeIgniter.php(361): CodeIgniter\CodeIgniter->handleRequest()
 8 FCPATH/index.php(79): CodeIgniter\CodeIgniter->run()
 9 SYSTEMPATH/Commands/Server/rewrite.php(47): require_once('/home/alfa/Documents/code/belajar-ci/first-app/public/index.php')
CRITICAL - 2023-10-26 16:30:27 --> Use of undefined constant MYSQLI_STORE_RESULT - assumed 'MYSQLI_STORE_RESULT' (this will throw an Error in a future version of PHP)
in SYSTEMPATH/Database/Database.php on line 137.
 1 SYSTEMPATH/Database/Database.php(137): CodeIgniter\Debug\Exceptions->errorHandler()
 2 SYSTEMPATH/Database/Database.php(55): CodeIgniter\Database\Database->initDriver()
 3 SYSTEMPATH/Database/Config.php(83): CodeIgniter\Database\Database->load()
 4 SYSTEMPATH/Model.php(151): CodeIgniter\Database\Config::connect()
 5 APPPATH/Controllers/Pages.php(33): CodeIgniter\Model->__construct()
 6 SYSTEMPATH/CodeIgniter.php(942): App\Controllers\Pages->employee()
 7 SYSTEMPATH/CodeIgniter.php(502): CodeIgniter\CodeIgniter->runController()
 8 SYSTEMPATH/CodeIgniter.php(361): CodeIgniter\CodeIgniter->handleRequest()
 9 FCPATH/index.php(79): CodeIgniter\CodeIgniter->run()
10 SYSTEMPATH/Commands/Server/rewrite.php(47): require_once('/home/alfa/Documents/code/belajar-ci/first-app/public/index.php')
CRITICAL - 2023-10-26 16:36:38 --> Use of undefined constant MYSQLI_STORE_RESULT - assumed 'MYSQLI_STORE_RESULT' (this will throw an Error in a future version of PHP)
in SYSTEMPATH/Database/Database.php on line 137.
 1 SYSTEMPATH/Database/Database.php(137): CodeIgniter\Debug\Exceptions->errorHandler()
 2 SYSTEMPATH/Database/Database.php(55): CodeIgniter\Database\Database->initDriver()
 3 SYSTEMPATH/Database/Config.php(83): CodeIgniter\Database\Database->load()
 4 SYSTEMPATH/Model.php(151): CodeIgniter\Database\Config::connect()
 5 APPPATH/Controllers/Pages.php(33): CodeIgniter\Model->__construct()
 6 SYSTEMPATH/CodeIgniter.php(942): App\Controllers\Pages->employee()
 7 SYSTEMPATH/CodeIgniter.php(502): CodeIgniter\CodeIgniter->runController()
 8 SYSTEMPATH/CodeIgniter.php(361): CodeIgniter\CodeIgniter->handleRequest()
 9 FCPATH/index.php(79): CodeIgniter\CodeIgniter->run()
10 SYSTEMPATH/Commands/Server/rewrite.php(47): require_once('/home/alfa/Documents/code/belajar-ci/first-app/public/index.php')
CRITICAL - 2023-10-26 16:36:40 --> Use of undefined constant MYSQLI_STORE_RESULT - assumed 'MYSQLI_STORE_RESULT' (this will throw an Error in a future version of PHP)
in SYSTEMPATH/Database/Database.php on line 137.
 1 SYSTEMPATH/Database/Database.php(137): CodeIgniter\Debug\Exceptions->errorHandler()
 2 SYSTEMPATH/Database/Database.php(55): CodeIgniter\Database\Database->initDriver()
 3 SYSTEMPATH/Database/Config.php(83): CodeIgniter\Database\Database->load()
 4 SYSTEMPATH/Model.php(151): CodeIgniter\Database\Config::connect()
 5 APPPATH/Controllers/Pages.php(33): CodeIgniter\Model->__construct()
 6 SYSTEMPATH/CodeIgniter.php(942): App\Controllers\Pages->employee()
 7 SYSTEMPATH/CodeIgniter.php(502): CodeIgniter\CodeIgniter->runController()
 8 SYSTEMPATH/CodeIgniter.php(361): CodeIgniter\CodeIgniter->handleRequest()
 9 FCPATH/index.php(79): CodeIgniter\CodeIgniter->run()
10 SYSTEMPATH/Commands/Server/rewrite.php(47): require_once('/home/alfa/Documents/code/belajar-ci/first-app/public/index.php')
ERROR - 2023-10-26 16:37:10 --> Error connecting to the database: mysqli_sql_exception: No such file or directory in /home/alfa/Documents/code/belajar-ci/first-app/system/Database/MySQLi/Connection.php:185
Stack trace:
#0 /home/alfa/Documents/code/belajar-ci/first-app/system/Database/MySQLi/Connection.php(185): mysqli->real_connect()
#1 /home/alfa/Documents/code/belajar-ci/first-app/system/Database/BaseConnection.php(392): CodeIgniter\Database\MySQLi\Connection->connect()
#2 /home/alfa/Documents/code/belajar-ci/first-app/system/Database/BaseConnection.php(575): CodeIgniter\Database\BaseConnection->initialize()
#3 /home/alfa/Documents/code/belajar-ci/first-app/system/Database/BaseBuilder.php(1615): CodeIgniter\Database\BaseConnection->query()
#4 /home/alfa/Documents/code/belajar-ci/first-app/system/Model.php(237): CodeIgniter\Database\BaseBuilder->get()
#5 /home/alfa/Documents/code/belajar-ci/first-app/system/BaseModel.php(624): CodeIgniter\Model->doFindAll()
#6 /home/alfa/Documents/code/belajar-ci/first-app/app/Controllers/Pages.php(34): CodeIgniter\BaseModel->findAll()
#7 /home/alfa/Documents/code/belajar-ci/first-app/system/CodeIgniter.php(942): App\Controllers\Pages->employee()
#8 /home/alfa/Documents/code/belajar-ci/first-app/system/CodeIgniter.php(502): CodeIgniter\CodeIgniter->runController()
#9 /home/alfa/Documents/code/belajar-ci/first-app/system/CodeIgniter.php(361): CodeIgniter\CodeIgniter->handleRequest()
#10 /home/alfa/Documents/code/belajar-ci/first-app/public/index.php(79): CodeIgniter\CodeIgniter->run()
#11 /home/alfa/Documents/code/belajar-ci/first-app/system/Commands/Server/rewrite.php(47): require_once('/home/alfa/Docu...')
#12 {main}

Next CodeIgniter\Database\Exceptions\DatabaseException: No such file or directory in /home/alfa/Documents/code/belajar-ci/first-app/system/Database/MySQLi/Connection.php:229
Stack trace:
#0 /home/alfa/Documents/code/belajar-ci/first-app/system/Database/BaseConnection.php(392): CodeIgniter\Database\MySQLi\Connection->connect()
#1 /home/alfa/Documents/code/belajar-ci/first-app/system/Database/BaseConnection.php(575): CodeIgniter\Database\BaseConnection->initialize()
#2 /home/alfa/Documents/code/belajar-ci/first-app/system/Database/BaseBuilder.php(1615): CodeIgniter\Database\BaseConnection->query()
#3 /home/alfa/Documents/code/belajar-ci/first-app/system/Model.php(237): CodeIgniter\Database\BaseBuilder->get()
#4 /home/alfa/Documents/code/belajar-ci/first-app/system/BaseModel.php(624): CodeIgniter\Model->doFindAll()
#5 /home/alfa/Documents/code/belajar-ci/first-app/app/Controllers/Pages.php(34): CodeIgniter\BaseModel->findAll()
#6 /home/alfa/Documents/code/belajar-ci/first-app/system/CodeIgniter.php(942): App\Controllers\Pages->employee()
#7 /home/alfa/Documents/code/belajar-ci/first-app/system/CodeIgniter.php(502): CodeIgniter\CodeIgniter->runController()
#8 /home/alfa/Documents/code/belajar-ci/first-app/system/CodeIgniter.php(361): CodeIgniter\CodeIgniter->handleRequest()
#9 /home/alfa/Documents/code/belajar-ci/first-app/public/index.php(79): CodeIgniter\CodeIgniter->run()
#10 /home/alfa/Documents/code/belajar-ci/first-app/system/Commands/Server/rewrite.php(47): require_once('/home/alfa/Docu...')
#11 {main}
CRITICAL - 2023-10-26 16:37:10 --> Unable to connect to the database.
Main connection [MySQLi]: No such file or directory
in SYSTEMPATH/Database/BaseConnection.php on line 428.
 1 SYSTEMPATH/Database/BaseConnection.php(575): CodeIgniter\Database\BaseConnection->initialize()
 2 SYSTEMPATH/Database/BaseBuilder.php(1615): CodeIgniter\Database\BaseConnection->query()
 3 SYSTEMPATH/Model.php(237): CodeIgniter\Database\BaseBuilder->get()
 4 SYSTEMPATH/BaseModel.php(624): CodeIgniter\Model->doFindAll()
 5 APPPATH/Controllers/Pages.php(34): CodeIgniter\BaseModel->findAll()
 6 SYSTEMPATH/CodeIgniter.php(942): App\Controllers\Pages->employee()
 7 SYSTEMPATH/CodeIgniter.php(502): CodeIgniter\CodeIgniter->runController()
 8 SYSTEMPATH/CodeIgniter.php(361): CodeIgniter\CodeIgniter->handleRequest()
 9 FCPATH/index.php(79): CodeIgniter\CodeIgniter->run()
10 SYSTEMPATH/Commands/Server/rewrite.php(47): require_once('/home/alfa/Documents/code/belajar-ci/first-app/public/index.php')
ERROR - 2023-10-26 16:38:45 --> Error connecting to the database: mysqli_sql_exception: No such file or directory in /home/alfa/Documents/code/belajar-ci/first-app/system/Database/MySQLi/Connection.php:185
Stack trace:
#0 /home/alfa/Documents/code/belajar-ci/first-app/system/Database/MySQLi/Connection.php(185): mysqli->real_connect()
#1 /home/alfa/Documents/code/belajar-ci/first-app/system/Database/BaseConnection.php(392): CodeIgniter\Database\MySQLi\Connection->connect()
#2 /home/alfa/Documents/code/belajar-ci/first-app/system/Database/BaseConnection.php(575): CodeIgniter\Database\BaseConnection->initialize()
#3 /home/alfa/Documents/code/belajar-ci/first-app/system/Database/BaseBuilder.php(1615): CodeIgniter\Database\BaseConnection->query()
#4 /home/alfa/Documents/code/belajar-ci/first-app/system/Model.php(237): CodeIgniter\Database\BaseBuilder->get()
#5 /home/alfa/Documents/code/belajar-ci/first-app/system/BaseModel.php(624): CodeIgniter\Model->doFindAll()
#6 /home/alfa/Documents/code/belajar-ci/first-app/app/Controllers/Pages.php(34): CodeIgniter\BaseModel->findAll()
#7 /home/alfa/Documents/code/belajar-ci/first-app/system/CodeIgniter.php(942): App\Controllers\Pages->employee()
#8 /home/alfa/Documents/code/belajar-ci/first-app/system/CodeIgniter.php(502): CodeIgniter\CodeIgniter->runController()
#9 /home/alfa/Documents/code/belajar-ci/first-app/system/CodeIgniter.php(361): CodeIgniter\CodeIgniter->handleRequest()
#10 /home/alfa/Documents/code/belajar-ci/first-app/public/index.php(79): CodeIgniter\CodeIgniter->run()
#11 /home/alfa/Documents/code/belajar-ci/first-app/system/Commands/Server/rewrite.php(47): require_once('/home/alfa/Docu...')
#12 {main}

Next CodeIgniter\Database\Exceptions\DatabaseException: No such file or directory in /home/alfa/Documents/code/belajar-ci/first-app/system/Database/MySQLi/Connection.php:229
Stack trace:
#0 /home/alfa/Documents/code/belajar-ci/first-app/system/Database/BaseConnection.php(392): CodeIgniter\Database\MySQLi\Connection->connect()
#1 /home/alfa/Documents/code/belajar-ci/first-app/system/Database/BaseConnection.php(575): CodeIgniter\Database\BaseConnection->initialize()
#2 /home/alfa/Documents/code/belajar-ci/first-app/system/Database/BaseBuilder.php(1615): CodeIgniter\Database\BaseConnection->query()
#3 /home/alfa/Documents/code/belajar-ci/first-app/system/Model.php(237): CodeIgniter\Database\BaseBuilder->get()
#4 /home/alfa/Documents/code/belajar-ci/first-app/system/BaseModel.php(624): CodeIgniter\Model->doFindAll()
#5 /home/alfa/Documents/code/belajar-ci/first-app/app/Controllers/Pages.php(34): CodeIgniter\BaseModel->findAll()
#6 /home/alfa/Documents/code/belajar-ci/first-app/system/CodeIgniter.php(942): App\Controllers\Pages->employee()
#7 /home/alfa/Documents/code/belajar-ci/first-app/system/CodeIgniter.php(502): CodeIgniter\CodeIgniter->runController()
#8 /home/alfa/Documents/code/belajar-ci/first-app/system/CodeIgniter.php(361): CodeIgniter\CodeIgniter->handleRequest()
#9 /home/alfa/Documents/code/belajar-ci/first-app/public/index.php(79): CodeIgniter\CodeIgniter->run()
#10 /home/alfa/Documents/code/belajar-ci/first-app/system/Commands/Server/rewrite.php(47): require_once('/home/alfa/Docu...')
#11 {main}
CRITICAL - 2023-10-26 16:38:45 --> Unable to connect to the database.
Main connection [MySQLi]: No such file or directory
in SYSTEMPATH/Database/BaseConnection.php on line 428.
 1 SYSTEMPATH/Database/BaseConnection.php(575): CodeIgniter\Database\BaseConnection->initialize()
 2 SYSTEMPATH/Database/BaseBuilder.php(1615): CodeIgniter\Database\BaseConnection->query()
 3 SYSTEMPATH/Model.php(237): CodeIgniter\Database\BaseBuilder->get()
 4 SYSTEMPATH/BaseModel.php(624): CodeIgniter\Model->doFindAll()
 5 APPPATH/Controllers/Pages.php(34): CodeIgniter\BaseModel->findAll()
 6 SYSTEMPATH/CodeIgniter.php(942): App\Controllers\Pages->employee()
 7 SYSTEMPATH/CodeIgniter.php(502): CodeIgniter\CodeIgniter->runController()
 8 SYSTEMPATH/CodeIgniter.php(361): CodeIgniter\CodeIgniter->handleRequest()
 9 FCPATH/index.php(79): CodeIgniter\CodeIgniter->run()
10 SYSTEMPATH/Commands/Server/rewrite.php(47): require_once('/home/alfa/Documents/code/belajar-ci/first-app/public/index.php')
ERROR - 2023-10-26 16:38:55 --> Error connecting to the database: mysqli_sql_exception: No such file or directory in /home/alfa/Documents/code/belajar-ci/first-app/system/Database/MySQLi/Connection.php:185
Stack trace:
#0 /home/alfa/Documents/code/belajar-ci/first-app/system/Database/MySQLi/Connection.php(185): mysqli->real_connect()
#1 /home/alfa/Documents/code/belajar-ci/first-app/system/Database/BaseConnection.php(392): CodeIgniter\Database\MySQLi\Connection->connect()
#2 /home/alfa/Documents/code/belajar-ci/first-app/system/Database/BaseConnection.php(575): CodeIgniter\Database\BaseConnection->initialize()
#3 /home/alfa/Documents/code/belajar-ci/first-app/system/Database/BaseBuilder.php(1615): CodeIgniter\Database\BaseConnection->query()
#4 /home/alfa/Documents/code/belajar-ci/first-app/system/Model.php(237): CodeIgniter\Database\BaseBuilder->get()
#5 /home/alfa/Documents/code/belajar-ci/first-app/system/BaseModel.php(624): CodeIgniter\Model->doFindAll()
#6 /home/alfa/Documents/code/belajar-ci/first-app/app/Controllers/Pages.php(34): CodeIgniter\BaseModel->findAll()
#7 /home/alfa/Documents/code/belajar-ci/first-app/system/CodeIgniter.php(942): App\Controllers\Pages->employee()
#8 /home/alfa/Documents/code/belajar-ci/first-app/system/CodeIgniter.php(502): CodeIgniter\CodeIgniter->runController()
#9 /home/alfa/Documents/code/belajar-ci/first-app/system/CodeIgniter.php(361): CodeIgniter\CodeIgniter->handleRequest()
#10 /home/alfa/Documents/code/belajar-ci/first-app/public/index.php(79): CodeIgniter\CodeIgniter->run()
#11 /home/alfa/Documents/code/belajar-ci/first-app/system/Commands/Server/rewrite.php(47): require_once('/home/alfa/Docu...')
#12 {main}

Next CodeIgniter\Database\Exceptions\DatabaseException: No such file or directory in /home/alfa/Documents/code/belajar-ci/first-app/system/Database/MySQLi/Connection.php:229
Stack trace:
#0 /home/alfa/Documents/code/belajar-ci/first-app/system/Database/BaseConnection.php(392): CodeIgniter\Database\MySQLi\Connection->connect()
#1 /home/alfa/Documents/code/belajar-ci/first-app/system/Database/BaseConnection.php(575): CodeIgniter\Database\BaseConnection->initialize()
#2 /home/alfa/Documents/code/belajar-ci/first-app/system/Database/BaseBuilder.php(1615): CodeIgniter\Database\BaseConnection->query()
#3 /home/alfa/Documents/code/belajar-ci/first-app/system/Model.php(237): CodeIgniter\Database\BaseBuilder->get()
#4 /home/alfa/Documents/code/belajar-ci/first-app/system/BaseModel.php(624): CodeIgniter\Model->doFindAll()
#5 /home/alfa/Documents/code/belajar-ci/first-app/app/Controllers/Pages.php(34): CodeIgniter\BaseModel->findAll()
#6 /home/alfa/Documents/code/belajar-ci/first-app/system/CodeIgniter.php(942): App\Controllers\Pages->employee()
#7 /home/alfa/Documents/code/belajar-ci/first-app/system/CodeIgniter.php(502): CodeIgniter\CodeIgniter->runController()
#8 /home/alfa/Documents/code/belajar-ci/first-app/system/CodeIgniter.php(361): CodeIgniter\CodeIgniter->handleRequest()
#9 /home/alfa/Documents/code/belajar-ci/first-app/public/index.php(79): CodeIgniter\CodeIgniter->run()
#10 /home/alfa/Documents/code/belajar-ci/first-app/system/Commands/Server/rewrite.php(47): require_once('/home/alfa/Docu...')
#11 {main}
CRITICAL - 2023-10-26 16:38:55 --> Unable to connect to the database.
Main connection [MySQLi]: No such file or directory
in SYSTEMPATH/Database/BaseConnection.php on line 428.
 1 SYSTEMPATH/Database/BaseConnection.php(575): CodeIgniter\Database\BaseConnection->initialize()
 2 SYSTEMPATH/Database/BaseBuilder.php(1615): CodeIgniter\Database\BaseConnection->query()
 3 SYSTEMPATH/Model.php(237): CodeIgniter\Database\BaseBuilder->get()
 4 SYSTEMPATH/BaseModel.php(624): CodeIgniter\Model->doFindAll()
 5 APPPATH/Controllers/Pages.php(34): CodeIgniter\BaseModel->findAll()
 6 SYSTEMPATH/CodeIgniter.php(942): App\Controllers\Pages->employee()
 7 SYSTEMPATH/CodeIgniter.php(502): CodeIgniter\CodeIgniter->runController()
 8 SYSTEMPATH/CodeIgniter.php(361): CodeIgniter\CodeIgniter->handleRequest()
 9 FCPATH/index.php(79): CodeIgniter\CodeIgniter->run()
10 SYSTEMPATH/Commands/Server/rewrite.php(47): require_once('/home/alfa/Documents/code/belajar-ci/first-app/public/index.php')
CRITICAL - 2023-10-26 16:45:10 --> syntax error, unexpected ')', expecting ';'
in APPPATH/Views/pages/employee.php on line 21.
 1 SYSTEMPATH/View/View.php(231): CodeIgniter\View\View->CodeIgniter\View\{closure}()
 2 SYSTEMPATH/Common.php(1190): CodeIgniter\View\View->render()
 3 APPPATH/Controllers/Pages.php(41): view()
 4 SYSTEMPATH/CodeIgniter.php(942): App\Controllers\Pages->employee()
 5 SYSTEMPATH/CodeIgniter.php(502): CodeIgniter\CodeIgniter->runController()
 6 SYSTEMPATH/CodeIgniter.php(361): CodeIgniter\CodeIgniter->handleRequest()
 7 FCPATH/index.php(79): CodeIgniter\CodeIgniter->run()
 8 SYSTEMPATH/Commands/Server/rewrite.php(47): require_once('/home/alfa/Documents/code/belajar-ci/first-app/public/index.php')
CRITICAL - 2023-10-26 17:03:18 --> syntax error, unexpected '?>'
in APPPATH/Views/pages/employee.php on line 24.
 1 SYSTEMPATH/View/View.php(231): CodeIgniter\View\View->CodeIgniter\View\{closure}()
 2 SYSTEMPATH/Common.php(1190): CodeIgniter\View\View->render()
 3 APPPATH/Controllers/Pages.php(41): view()
 4 SYSTEMPATH/CodeIgniter.php(942): App\Controllers\Pages->employee()
 5 SYSTEMPATH/CodeIgniter.php(502): CodeIgniter\CodeIgniter->runController()
 6 SYSTEMPATH/CodeIgniter.php(361): CodeIgniter\CodeIgniter->handleRequest()
 7 FCPATH/index.php(79): CodeIgniter\CodeIgniter->run()
 8 SYSTEMPATH/Commands/Server/rewrite.php(47): require_once('/home/alfa/Documents/code/belajar-ci/first-app/public/index.php')
CRITICAL - 2023-10-26 17:03:37 --> Undefined index: employee_name
in APPPATH/Views/pages/employee.php on line 24.
 1 APPPATH/Views/pages/employee.php(24): CodeIgniter\Debug\Exceptions->errorHandler()
 2 SYSTEMPATH/View/View.php(228): include('/home/alfa/Documents/code/belajar-ci/first-app/app/Views/pages/employee.php')
 3 SYSTEMPATH/View/View.php(231): CodeIgniter\View\View->CodeIgniter\View\{closure}()
 4 SYSTEMPATH/Common.php(1190): CodeIgniter\View\View->render()
 5 APPPATH/Controllers/Pages.php(41): view()
 6 SYSTEMPATH/CodeIgniter.php(942): App\Controllers\Pages->employee()
 7 SYSTEMPATH/CodeIgniter.php(502): CodeIgniter\CodeIgniter->runController()
 8 SYSTEMPATH/CodeIgniter.php(361): CodeIgniter\CodeIgniter->handleRequest()
 9 FCPATH/index.php(79): CodeIgniter\CodeIgniter->run()
10 SYSTEMPATH/Commands/Server/rewrite.php(47): require_once('/home/alfa/Documents/code/belajar-ci/first-app/public/index.php')
CRITICAL - 2023-10-26 17:04:00 --> syntax error, unexpected '?>'
in APPPATH/Views/pages/employee.php on line 24.
 1 SYSTEMPATH/View/View.php(231): CodeIgniter\View\View->CodeIgniter\View\{closure}()
 2 SYSTEMPATH/Common.php(1190): CodeIgniter\View\View->render()
 3 APPPATH/Controllers/Pages.php(41): view()
 4 SYSTEMPATH/CodeIgniter.php(942): App\Controllers\Pages->employee()
 5 SYSTEMPATH/CodeIgniter.php(502): CodeIgniter\CodeIgniter->runController()
 6 SYSTEMPATH/CodeIgniter.php(361): CodeIgniter\CodeIgniter->handleRequest()
 7 FCPATH/index.php(79): CodeIgniter\CodeIgniter->run()
 8 SYSTEMPATH/Commands/Server/rewrite.php(47): require_once('/home/alfa/Documents/code/belajar-ci/first-app/public/index.php')
CRITICAL - 2023-10-26 17:04:37 --> Array to string conversion
in APPPATH/Views/pages/employee.php on line 24.
 1 APPPATH/Views/pages/employee.php(24): CodeIgniter\Debug\Exceptions->errorHandler()
 2 SYSTEMPATH/View/View.php(228): include('/home/alfa/Documents/code/belajar-ci/first-app/app/Views/pages/employee.php')
 3 SYSTEMPATH/View/View.php(231): CodeIgniter\View\View->CodeIgniter\View\{closure}()
 4 SYSTEMPATH/Common.php(1190): CodeIgniter\View\View->render()
 5 APPPATH/Controllers/Pages.php(41): view()
 6 SYSTEMPATH/CodeIgniter.php(942): App\Controllers\Pages->employee()
 7 SYSTEMPATH/CodeIgniter.php(502): CodeIgniter\CodeIgniter->runController()
 8 SYSTEMPATH/CodeIgniter.php(361): CodeIgniter\CodeIgniter->handleRequest()
 9 FCPATH/index.php(79): CodeIgniter\CodeIgniter->run()
10 SYSTEMPATH/Commands/Server/rewrite.php(47): require_once('/home/alfa/Documents/code/belajar-ci/first-app/public/index.php')
CRITICAL - 2023-10-26 17:04:50 --> Undefined offset: 3
in APPPATH/Views/pages/employee.php on line 24.
 1 APPPATH/Views/pages/employee.php(24): CodeIgniter\Debug\Exceptions->errorHandler()
 2 SYSTEMPATH/View/View.php(228): include('/home/alfa/Documents/code/belajar-ci/first-app/app/Views/pages/employee.php')
 3 SYSTEMPATH/View/View.php(231): CodeIgniter\View\View->CodeIgniter\View\{closure}()
 4 SYSTEMPATH/Common.php(1190): CodeIgniter\View\View->render()
 5 APPPATH/Controllers/Pages.php(41): view()
 6 SYSTEMPATH/CodeIgniter.php(942): App\Controllers\Pages->employee()
 7 SYSTEMPATH/CodeIgniter.php(502): CodeIgniter\CodeIgniter->runController()
 8 SYSTEMPATH/CodeIgniter.php(361): CodeIgniter\CodeIgniter->handleRequest()
 9 FCPATH/index.php(79): CodeIgniter\CodeIgniter->run()
10 SYSTEMPATH/Commands/Server/rewrite.php(47): require_once('/home/alfa/Documents/code/belajar-ci/first-app/public/index.php')
CRITICAL - 2023-10-26 17:05:06 --> Undefined offset: 3
in APPPATH/Views/pages/employee.php on line 24.
 1 APPPATH/Views/pages/employee.php(24): CodeIgniter\Debug\Exceptions->errorHandler()
 2 SYSTEMPATH/View/View.php(228): include('/home/alfa/Documents/code/belajar-ci/first-app/app/Views/pages/employee.php')
 3 SYSTEMPATH/View/View.php(231): CodeIgniter\View\View->CodeIgniter\View\{closure}()
 4 SYSTEMPATH/Common.php(1190): CodeIgniter\View\View->render()
 5 APPPATH/Controllers/Pages.php(41): view()
 6 SYSTEMPATH/CodeIgniter.php(942): App\Controllers\Pages->employee()
 7 SYSTEMPATH/CodeIgniter.php(502): CodeIgniter\CodeIgniter->runController()
 8 SYSTEMPATH/CodeIgniter.php(361): CodeIgniter\CodeIgniter->handleRequest()
 9 FCPATH/index.php(79): CodeIgniter\CodeIgniter->run()
10 SYSTEMPATH/Commands/Server/rewrite.php(47): require_once('/home/alfa/Documents/code/belajar-ci/first-app/public/index.php')
CRITICAL - 2023-10-26 17:05:20 --> Undefined index: employee_name
in APPPATH/Views/pages/employee.php on line 24.
 1 APPPATH/Views/pages/employee.php(24): CodeIgniter\Debug\Exceptions->errorHandler()
 2 SYSTEMPATH/View/View.php(228): include('/home/alfa/Documents/code/belajar-ci/first-app/app/Views/pages/employee.php')
 3 SYSTEMPATH/View/View.php(231): CodeIgniter\View\View->CodeIgniter\View\{closure}()
 4 SYSTEMPATH/Common.php(1190): CodeIgniter\View\View->render()
 5 APPPATH/Controllers/Pages.php(41): view()
 6 SYSTEMPATH/CodeIgniter.php(942): App\Controllers\Pages->employee()
 7 SYSTEMPATH/CodeIgniter.php(502): CodeIgniter\CodeIgniter->runController()
 8 SYSTEMPATH/CodeIgniter.php(361): CodeIgniter\CodeIgniter->handleRequest()
 9 FCPATH/index.php(79): CodeIgniter\CodeIgniter->run()
10 SYSTEMPATH/Commands/Server/rewrite.php(47): require_once('/home/alfa/Documents/code/belajar-ci/first-app/public/index.php')
CRITICAL - 2023-10-26 17:05:30 --> Undefined index: employee_name
in APPPATH/Views/pages/employee.php on line 24.
 1 APPPATH/Views/pages/employee.php(24): CodeIgniter\Debug\Exceptions->errorHandler()
 2 SYSTEMPATH/View/View.php(228): include('/home/alfa/Documents/code/belajar-ci/first-app/app/Views/pages/employee.php')
 3 SYSTEMPATH/View/View.php(231): CodeIgniter\View\View->CodeIgniter\View\{closure}()
 4 SYSTEMPATH/Common.php(1190): CodeIgniter\View\View->render()
 5 APPPATH/Controllers/Pages.php(41): view()
 6 SYSTEMPATH/CodeIgniter.php(942): App\Controllers\Pages->employee()
 7 SYSTEMPATH/CodeIgniter.php(502): CodeIgniter\CodeIgniter->runController()
 8 SYSTEMPATH/CodeIgniter.php(361): CodeIgniter\CodeIgniter->handleRequest()
 9 FCPATH/index.php(79): CodeIgniter\CodeIgniter->run()
10 SYSTEMPATH/Commands/Server/rewrite.php(47): require_once('/home/alfa/Documents/code/belajar-ci/first-app/public/index.php')
CRITICAL - 2023-10-26 17:05:55 --> Trying to access array offset on value of type int
in APPPATH/Views/pages/employee.php on line 5.
 1 APPPATH/Views/pages/employee.php(5): CodeIgniter\Debug\Exceptions->errorHandler()
 2 SYSTEMPATH/View/View.php(228): include('/home/alfa/Documents/code/belajar-ci/first-app/app/Views/pages/employee.php')
 3 SYSTEMPATH/View/View.php(231): CodeIgniter\View\View->CodeIgniter\View\{closure}()
 4 SYSTEMPATH/Common.php(1190): CodeIgniter\View\View->render()
 5 APPPATH/Controllers/Pages.php(41): view()
 6 SYSTEMPATH/CodeIgniter.php(942): App\Controllers\Pages->employee()
 7 SYSTEMPATH/CodeIgniter.php(502): CodeIgniter\CodeIgniter->runController()
 8 SYSTEMPATH/CodeIgniter.php(361): CodeIgniter\CodeIgniter->handleRequest()
 9 FCPATH/index.php(79): CodeIgniter\CodeIgniter->run()
10 SYSTEMPATH/Commands/Server/rewrite.php(47): require_once('/home/alfa/Documents/code/belajar-ci/first-app/public/index.php')
CRITICAL - 2023-10-26 17:05:58 --> Trying to access array offset on value of type int
in APPPATH/Views/pages/employee.php on line 5.
 1 APPPATH/Views/pages/employee.php(5): CodeIgniter\Debug\Exceptions->errorHandler()
 2 SYSTEMPATH/View/View.php(228): include('/home/alfa/Documents/code/belajar-ci/first-app/app/Views/pages/employee.php')
 3 SYSTEMPATH/View/View.php(231): CodeIgniter\View\View->CodeIgniter\View\{closure}()
 4 SYSTEMPATH/Common.php(1190): CodeIgniter\View\View->render()
 5 APPPATH/Controllers/Pages.php(41): view()
 6 SYSTEMPATH/CodeIgniter.php(942): App\Controllers\Pages->employee()
 7 SYSTEMPATH/CodeIgniter.php(502): CodeIgniter\CodeIgniter->runController()
 8 SYSTEMPATH/CodeIgniter.php(361): CodeIgniter\CodeIgniter->handleRequest()
 9 FCPATH/index.php(79): CodeIgniter\CodeIgniter->run()
10 SYSTEMPATH/Commands/Server/rewrite.php(47): require_once('/home/alfa/Documents/code/belajar-ci/first-app/public/index.php')
CRITICAL - 2023-10-26 17:07:19 --> syntax error, unexpected '?>'
in APPPATH/Views/pages/employee.php on line 24.
 1 SYSTEMPATH/View/View.php(231): CodeIgniter\View\View->CodeIgniter\View\{closure}()
 2 SYSTEMPATH/Common.php(1190): CodeIgniter\View\View->render()
 3 APPPATH/Controllers/Pages.php(41): view()
 4 SYSTEMPATH/CodeIgniter.php(942): App\Controllers\Pages->employee()
 5 SYSTEMPATH/CodeIgniter.php(502): CodeIgniter\CodeIgniter->runController()
 6 SYSTEMPATH/CodeIgniter.php(361): CodeIgniter\CodeIgniter->handleRequest()
 7 FCPATH/index.php(79): CodeIgniter\CodeIgniter->run()
 8 SYSTEMPATH/Commands/Server/rewrite.php(47): require_once('/home/alfa/Documents/code/belajar-ci/first-app/public/index.php')
CRITICAL - 2023-10-26 17:08:08 --> Undefined offset: 3
in APPPATH/Views/pages/employee.php on line 24.
 1 APPPATH/Views/pages/employee.php(24): CodeIgniter\Debug\Exceptions->errorHandler()
 2 SYSTEMPATH/View/View.php(228): include('/home/alfa/Documents/code/belajar-ci/first-app/app/Views/pages/employee.php')
 3 SYSTEMPATH/View/View.php(231): CodeIgniter\View\View->CodeIgniter\View\{closure}()
 4 SYSTEMPATH/Common.php(1190): CodeIgniter\View\View->render()
 5 APPPATH/Controllers/Pages.php(41): view()
 6 SYSTEMPATH/CodeIgniter.php(942): App\Controllers\Pages->employee()
 7 SYSTEMPATH/CodeIgniter.php(502): CodeIgniter\CodeIgniter->runController()
 8 SYSTEMPATH/CodeIgniter.php(361): CodeIgniter\CodeIgniter->handleRequest()
 9 FCPATH/index.php(79): CodeIgniter\CodeIgniter->run()
10 SYSTEMPATH/Commands/Server/rewrite.php(47): require_once('/home/alfa/Documents/code/belajar-ci/first-app/public/index.php')
CRITICAL - 2023-10-26 17:08:08 --> Undefined offset: 3
in APPPATH/Views/pages/employee.php on line 24.
 1 APPPATH/Views/pages/employee.php(24): CodeIgniter\Debug\Exceptions->errorHandler()
 2 SYSTEMPATH/View/View.php(228): include('/home/alfa/Documents/code/belajar-ci/first-app/app/Views/pages/employee.php')
 3 SYSTEMPATH/View/View.php(231): CodeIgniter\View\View->CodeIgniter\View\{closure}()
 4 SYSTEMPATH/Common.php(1190): CodeIgniter\View\View->render()
 5 APPPATH/Controllers/Pages.php(41): view()
 6 SYSTEMPATH/CodeIgniter.php(942): App\Controllers\Pages->employee()
 7 SYSTEMPATH/CodeIgniter.php(502): CodeIgniter\CodeIgniter->runController()
 8 SYSTEMPATH/CodeIgniter.php(361): CodeIgniter\CodeIgniter->handleRequest()
 9 FCPATH/index.php(79): CodeIgniter\CodeIgniter->run()
10 SYSTEMPATH/Commands/Server/rewrite.php(47): require_once('/home/alfa/Documents/code/belajar-ci/first-app/public/index.php')
CRITICAL - 2023-10-26 19:51:19 --> syntax error, unexpected '"', expecting ';' or ','
in APPPATH/Views/pages/employee.php on line 26.
 1 SYSTEMPATH/View/View.php(231): CodeIgniter\View\View->CodeIgniter\View\{closure}()
 2 SYSTEMPATH/Common.php(1190): CodeIgniter\View\View->render()
 3 APPPATH/Controllers/Pages.php(41): view()
 4 SYSTEMPATH/CodeIgniter.php(942): App\Controllers\Pages->employee()
 5 SYSTEMPATH/CodeIgniter.php(502): CodeIgniter\CodeIgniter->runController()
 6 SYSTEMPATH/CodeIgniter.php(361): CodeIgniter\CodeIgniter->handleRequest()
 7 FCPATH/index.php(79): CodeIgniter\CodeIgniter->run()
 8 SYSTEMPATH/Commands/Server/rewrite.php(47): require_once('/home/alfa/Documents/code/belajar-ci/first-app/public/index.php')
CRITICAL - 2023-10-26 19:51:33 --> Call to undefined function baseurl()
in APPPATH/Views/pages/employee.php on line 26.
 1 SYSTEMPATH/View/View.php(228): include()
 2 SYSTEMPATH/View/View.php(231): CodeIgniter\View\View->CodeIgniter\View\{closure}()
 3 SYSTEMPATH/Common.php(1190): CodeIgniter\View\View->render()
 4 APPPATH/Controllers/Pages.php(41): view()
 5 SYSTEMPATH/CodeIgniter.php(942): App\Controllers\Pages->employee()
 6 SYSTEMPATH/CodeIgniter.php(502): CodeIgniter\CodeIgniter->runController()
 7 SYSTEMPATH/CodeIgniter.php(361): CodeIgniter\CodeIgniter->handleRequest()
 8 FCPATH/index.php(79): CodeIgniter\CodeIgniter->run()
 9 SYSTEMPATH/Commands/Server/rewrite.php(47): require_once('/home/alfa/Documents/code/belajar-ci/first-app/public/index.php')
CRITICAL - 2023-10-26 19:52:10 --> syntax error, unexpected ')'
in APPPATH/Views/pages/employee.php on line 26.
 1 SYSTEMPATH/View/View.php(231): CodeIgniter\View\View->CodeIgniter\View\{closure}()
 2 SYSTEMPATH/Common.php(1190): CodeIgniter\View\View->render()
 3 APPPATH/Controllers/Pages.php(41): view()
 4 SYSTEMPATH/CodeIgniter.php(942): App\Controllers\Pages->employee()
 5 SYSTEMPATH/CodeIgniter.php(502): CodeIgniter\CodeIgniter->runController()
 6 SYSTEMPATH/CodeIgniter.php(361): CodeIgniter\CodeIgniter->handleRequest()
 7 FCPATH/index.php(79): CodeIgniter\CodeIgniter->run()
 8 SYSTEMPATH/Commands/Server/rewrite.php(47): require_once('/home/alfa/Documents/code/belajar-ci/first-app/public/index.php')
CRITICAL - 2023-10-26 19:54:25 --> syntax error, unexpected ')'
in APPPATH/Controllers/Pages.php on line 28.
 1 SYSTEMPATH/Autoloader/Autoloader.php(291): CodeIgniter\Autoloader\Autoloader->includeFile()
 2 SYSTEMPATH/Autoloader/Autoloader.php(269): CodeIgniter\Autoloader\Autoloader->loadInNamespace()
 3 [internal function]: CodeIgniter\Autoloader\Autoloader->loadClass()
 4 [internal function]: spl_autoload_call()
 5 SYSTEMPATH/CodeIgniter.php(900): class_exists()
 6 SYSTEMPATH/CodeIgniter.php(489): CodeIgniter\CodeIgniter->startController()
 7 SYSTEMPATH/CodeIgniter.php(361): CodeIgniter\CodeIgniter->handleRequest()
 8 FCPATH/index.php(79): CodeIgniter\CodeIgniter->run()
 9 SYSTEMPATH/Commands/Server/rewrite.php(47): require_once('/home/alfa/Documents/code/belajar-ci/first-app/public/index.php')
