CRITICAL - 2023-11-19 02:26:13 --> syntax error, unexpected token "echo"
in APPPATH\Controllers\Pages.php on line 78.
 1 SYSTEMPATH\Autoloader\Autoloader.php(291): CodeIgniter\Autoloader\Autoloader->includeFile('C:\\Users\\Admin\\Documents\\web\\belajar-ci\\first-app\\app\\Controllers\\Pages.php')
 2 SYSTEMPATH\Autoloader\Autoloader.php(269): CodeIgniter\Autoloader\Autoloader->loadInNamespace('App\\Controllers\\Pages')
 3 [internal function]: CodeIgniter\Autoloader\Autoloader->loadClass('App\\Controllers\\Pages')
 4 SYSTEMPATH\CodeIgniter.php(900): class_exists('\\App\\Controllers\\Pages', true)
 5 SYSTEMPATH\CodeIgniter.php(489): CodeIgniter\CodeIgniter->startController()
 6 SYSTEMPATH\CodeIgniter.php(361): CodeIgniter\CodeIgniter->handleRequest(null, Object(Config\Cache), false)
 7 FCPATH\index.php(79): CodeIgniter\CodeIgniter->run()
 8 SYSTEMPATH\Commands\Server\rewrite.php(47): require_once('C:\\Users\\Admin\\Documents\\web\\belajar-ci\\first-app\\public\\index.php')
ERROR - 2023-11-19 02:28:03 --> mysqli_sql_exception: Table 'db_test.tb_jabatan' doesn't exist in C:\Users\Admin\Documents\web\belajar-ci\first-app\system\Database\MySQLi\Connection.php:306
Stack trace:
#0 C:\Users\Admin\Documents\web\belajar-ci\first-app\system\Database\MySQLi\Connection.php(306): mysqli->query('SELECT *\nFROM `...', 0)
#1 C:\Users\Admin\Documents\web\belajar-ci\first-app\system\Database\BaseConnection.php(693): CodeIgniter\Database\MySQLi\Connection->execute('SELECT *\nFROM `...')
#2 C:\Users\Admin\Documents\web\belajar-ci\first-app\system\Database\BaseConnection.php(607): CodeIgniter\Database\BaseConnection->simpleQuery('SELECT *\nFROM `...')
#3 C:\Users\Admin\Documents\web\belajar-ci\first-app\system\Database\BaseBuilder.php(1615): CodeIgniter\Database\BaseConnection->query('SELECT *\nFROM `...', Array, false)
#4 C:\Users\Admin\Documents\web\belajar-ci\first-app\system\Model.php(237): CodeIgniter\Database\BaseBuilder->get()
#5 C:\Users\Admin\Documents\web\belajar-ci\first-app\system\BaseModel.php(624): CodeIgniter\Model->doFindAll(0, 0)
#6 C:\Users\Admin\Documents\web\belajar-ci\first-app\app\Controllers\Pages.php(68): CodeIgniter\BaseModel->findAll()
#7 C:\Users\Admin\Documents\web\belajar-ci\first-app\system\CodeIgniter.php(942): App\Controllers\Pages->insertEmployee()
#8 C:\Users\Admin\Documents\web\belajar-ci\first-app\system\CodeIgniter.php(502): CodeIgniter\CodeIgniter->runController(Object(App\Controllers\Pages))
#9 C:\Users\Admin\Documents\web\belajar-ci\first-app\system\CodeIgniter.php(361): CodeIgniter\CodeIgniter->handleRequest(NULL, Object(Config\Cache), false)
#10 C:\Users\Admin\Documents\web\belajar-ci\first-app\public\index.php(79): CodeIgniter\CodeIgniter->run()
#11 C:\Users\Admin\Documents\web\belajar-ci\first-app\system\Commands\Server\rewrite.php(47): require_once('C:\\Users\\Admin\\...')
#12 {main}
CRITICAL - 2023-11-19 02:28:03 --> Table 'db_test.tb_jabatan' doesn't exist
in SYSTEMPATH\Database\BaseConnection.php on line 647.
 1 SYSTEMPATH\Database\BaseBuilder.php(1615): CodeIgniter\Database\BaseConnection->query('SELECT *
FROM `tb_jabatan`', [], false)
 2 SYSTEMPATH\Model.php(237): CodeIgniter\Database\BaseBuilder->get()
 3 SYSTEMPATH\BaseModel.php(624): CodeIgniter\Model->doFindAll(0, 0)
 4 APPPATH\Controllers\Pages.php(68): CodeIgniter\BaseModel->findAll()
 5 SYSTEMPATH\CodeIgniter.php(942): App\Controllers\Pages->insertEmployee()
 6 SYSTEMPATH\CodeIgniter.php(502): CodeIgniter\CodeIgniter->runController(Object(App\Controllers\Pages))
 7 SYSTEMPATH\CodeIgniter.php(361): CodeIgniter\CodeIgniter->handleRequest(null, Object(Config\Cache), false)
 8 FCPATH\index.php(79): CodeIgniter\CodeIgniter->run()
 9 SYSTEMPATH\Commands\Server\rewrite.php(47): require_once('C:\\Users\\Admin\\Documents\\web\\belajar-ci\\first-app\\public\\index.php')
CRITICAL - 2023-11-19 13:42:06 --> Can't use method return value in write context
in APPPATH\Views\layout\template.php on line 23.
 1 [internal function]: CodeIgniter\Debug\Exceptions->shutdownHandler()
CRITICAL - 2023-11-19 13:42:27 --> Can't use method return value in write context
in APPPATH\Views\layout\template.php on line 26.
 1 [internal function]: CodeIgniter\Debug\Exceptions->shutdownHandler()
CRITICAL - 2023-11-19 13:58:27 --> Undefined variable $error_value
in APPPATH\Views\pages\insert.php on line 24.
 1 APPPATH\Views\pages\insert.php(24): CodeIgniter\Debug\Exceptions->errorHandler(2, 'Undefined variable $error_value', 'C:\\Users\\Admin\\Documents\\web\\belajar-ci\\first-app\\app\\Views\\pages\\insert.php', 24)
 2 SYSTEMPATH\View\View.php(228): include('C:\\Users\\Admin\\Documents\\web\\belajar-ci\\first-app\\app\\Views\\pages\\insert.php')
 3 SYSTEMPATH\View\View.php(231): CodeIgniter\View\View->CodeIgniter\View\{closure}()
 4 SYSTEMPATH\Common.php(1190): CodeIgniter\View\View->render('pages/insert', [], true)
 5 APPPATH\Controllers\Pages.php(66): view('pages/insert', [...])
 6 SYSTEMPATH\CodeIgniter.php(942): App\Controllers\Pages->insertEmployee()
 7 SYSTEMPATH\CodeIgniter.php(502): CodeIgniter\CodeIgniter->runController(Object(App\Controllers\Pages))
 8 SYSTEMPATH\CodeIgniter.php(361): CodeIgniter\CodeIgniter->handleRequest(null, Object(Config\Cache), false)
 9 FCPATH\index.php(79): CodeIgniter\CodeIgniter->run()
10 SYSTEMPATH\Commands\Server\rewrite.php(47): require_once('C:\\Users\\Admin\\Documents\\web\\belajar-ci\\first-app\\public\\index.php')
CRITICAL - 2023-11-19 13:58:46 --> CodeIgniter\Validation\Validation::setRules(): Argument #1 ($rules) must be of type array, bool given, called in C:\Users\Admin\Documents\web\belajar-ci\first-app\system\Controller.php on line 196
in SYSTEMPATH\Validation\Validation.php on line 555.
 1 SYSTEMPATH\Controller.php(196): CodeIgniter\Validation\Validation->setRules(true, [])
 2 SYSTEMPATH\Controller.php(150): CodeIgniter\Controller->setValidator(true, [])
 3 APPPATH\Controllers\Pages.php(72): CodeIgniter\Controller->validate(true)
 4 SYSTEMPATH\CodeIgniter.php(942): App\Controllers\Pages->saveEmployee()
 5 SYSTEMPATH\CodeIgniter.php(502): CodeIgniter\CodeIgniter->runController(Object(App\Controllers\Pages))
 6 SYSTEMPATH\CodeIgniter.php(361): CodeIgniter\CodeIgniter->handleRequest(null, Object(Config\Cache), false)
 7 FCPATH\index.php(79): CodeIgniter\CodeIgniter->run()
 8 SYSTEMPATH\Commands\Server\rewrite.php(47): require_once('C:\\Users\\Admin\\Documents\\web\\belajar-ci\\first-app\\public\\index.php')
CRITICAL - 2023-11-19 13:59:32 --> CodeIgniter\Validation\Validation::setRules(): Argument #1 ($rules) must be of type array, bool given, called in C:\Users\Admin\Documents\web\belajar-ci\first-app\system\Controller.php on line 196
in SYSTEMPATH\Validation\Validation.php on line 555.
 1 SYSTEMPATH\Controller.php(196): CodeIgniter\Validation\Validation->setRules(true, [])
 2 SYSTEMPATH\Controller.php(150): CodeIgniter\Controller->setValidator(true, [])
 3 APPPATH\Controllers\Pages.php(72): CodeIgniter\Controller->validate(true)
 4 SYSTEMPATH\CodeIgniter.php(942): App\Controllers\Pages->saveEmployee()
 5 SYSTEMPATH\CodeIgniter.php(502): CodeIgniter\CodeIgniter->runController(Object(App\Controllers\Pages))
 6 SYSTEMPATH\CodeIgniter.php(361): CodeIgniter\CodeIgniter->handleRequest(null, Object(Config\Cache), false)
 7 FCPATH\index.php(79): CodeIgniter\CodeIgniter->run()
 8 SYSTEMPATH\Commands\Server\rewrite.php(47): require_once('C:\\Users\\Admin\\Documents\\web\\belajar-ci\\first-app\\public\\index.php')
CRITICAL - 2023-11-19 14:00:04 --> CodeIgniter\Validation\Validation::setRules(): Argument #1 ($rules) must be of type array, bool given, called in C:\Users\Admin\Documents\web\belajar-ci\first-app\system\Controller.php on line 196
in SYSTEMPATH\Validation\Validation.php on line 555.
 1 SYSTEMPATH\Controller.php(196): CodeIgniter\Validation\Validation->setRules(true, [])
 2 SYSTEMPATH\Controller.php(150): CodeIgniter\Controller->setValidator(true, [])
 3 APPPATH\Controllers\Pages.php(72): CodeIgniter\Controller->validate(true)
 4 SYSTEMPATH\CodeIgniter.php(942): App\Controllers\Pages->saveEmployee()
 5 SYSTEMPATH\CodeIgniter.php(502): CodeIgniter\CodeIgniter->runController(Object(App\Controllers\Pages))
 6 SYSTEMPATH\CodeIgniter.php(361): CodeIgniter\CodeIgniter->handleRequest(null, Object(Config\Cache), false)
 7 FCPATH\index.php(79): CodeIgniter\CodeIgniter->run()
 8 SYSTEMPATH\Commands\Server\rewrite.php(47): require_once('C:\\Users\\Admin\\Documents\\web\\belajar-ci\\first-app\\public\\index.php')
CRITICAL - 2023-11-19 14:04:31 --> Cannot use temporary expression in write context
in APPPATH\Controllers\Pages.php on line 99.
 1 [internal function]: CodeIgniter\Debug\Exceptions->shutdownHandler()
CRITICAL - 2023-11-19 14:06:43 --> syntax error, unexpected identifier "jabatan", expecting "]"
in APPPATH\Controllers\Pages.php on line 100.
 1 SYSTEMPATH\Autoloader\Autoloader.php(291): CodeIgniter\Autoloader\Autoloader->includeFile('C:\\Users\\Admin\\Documents\\web\\belajar-ci\\first-app\\app\\Controllers\\Pages.php')
 2 SYSTEMPATH\Autoloader\Autoloader.php(269): CodeIgniter\Autoloader\Autoloader->loadInNamespace('App\\Controllers\\Pages')
 3 [internal function]: CodeIgniter\Autoloader\Autoloader->loadClass('App\\Controllers\\Pages')
 4 SYSTEMPATH\CodeIgniter.php(900): class_exists('\\App\\Controllers\\Pages', true)
 5 SYSTEMPATH\CodeIgniter.php(489): CodeIgniter\CodeIgniter->startController()
 6 SYSTEMPATH\CodeIgniter.php(361): CodeIgniter\CodeIgniter->handleRequest(null, Object(Config\Cache), false)
 7 FCPATH\index.php(79): CodeIgniter\CodeIgniter->run()
 8 SYSTEMPATH\Commands\Server\rewrite.php(47): require_once('C:\\Users\\Admin\\Documents\\web\\belajar-ci\\first-app\\public\\index.php')
CRITICAL - 2023-11-19 14:07:49 --> syntax error, unexpected identifier "jabatan", expecting "]"
in APPPATH\Controllers\Pages.php on line 100.
 1 SYSTEMPATH\Autoloader\Autoloader.php(291): CodeIgniter\Autoloader\Autoloader->includeFile('C:\\Users\\Admin\\Documents\\web\\belajar-ci\\first-app\\app\\Controllers\\Pages.php')
 2 SYSTEMPATH\Autoloader\Autoloader.php(269): CodeIgniter\Autoloader\Autoloader->loadInNamespace('App\\Controllers\\Pages')
 3 [internal function]: CodeIgniter\Autoloader\Autoloader->loadClass('App\\Controllers\\Pages')
 4 SYSTEMPATH\CodeIgniter.php(900): class_exists('\\App\\Controllers\\Pages', true)
 5 SYSTEMPATH\CodeIgniter.php(489): CodeIgniter\CodeIgniter->startController()
 6 SYSTEMPATH\CodeIgniter.php(361): CodeIgniter\CodeIgniter->handleRequest(null, Object(Config\Cache), false)
 7 FCPATH\index.php(79): CodeIgniter\CodeIgniter->run()
 8 SYSTEMPATH\Commands\Server\rewrite.php(47): require_once('C:\\Users\\Admin\\Documents\\web\\belajar-ci\\first-app\\public\\index.php')
CRITICAL - 2023-11-19 14:07:51 --> syntax error, unexpected identifier "jabatan", expecting "]"
in APPPATH\Controllers\Pages.php on line 100.
 1 SYSTEMPATH\Autoloader\Autoloader.php(291): CodeIgniter\Autoloader\Autoloader->includeFile('C:\\Users\\Admin\\Documents\\web\\belajar-ci\\first-app\\app\\Controllers\\Pages.php')
 2 SYSTEMPATH\Autoloader\Autoloader.php(269): CodeIgniter\Autoloader\Autoloader->loadInNamespace('App\\Controllers\\Pages')
 3 [internal function]: CodeIgniter\Autoloader\Autoloader->loadClass('App\\Controllers\\Pages')
 4 SYSTEMPATH\CodeIgniter.php(900): class_exists('\\App\\Controllers\\Pages', true)
 5 SYSTEMPATH\CodeIgniter.php(489): CodeIgniter\CodeIgniter->startController()
 6 SYSTEMPATH\CodeIgniter.php(361): CodeIgniter\CodeIgniter->handleRequest(null, Object(Config\Cache), false)
 7 FCPATH\index.php(79): CodeIgniter\CodeIgniter->run()
 8 SYSTEMPATH\Commands\Server\rewrite.php(47): require_once('C:\\Users\\Admin\\Documents\\web\\belajar-ci\\first-app\\public\\index.php')
CRITICAL - 2023-11-19 14:07:51 --> syntax error, unexpected identifier "jabatan", expecting "]"
in APPPATH\Controllers\Pages.php on line 100.
 1 SYSTEMPATH\Autoloader\Autoloader.php(291): CodeIgniter\Autoloader\Autoloader->includeFile('C:\\Users\\Admin\\Documents\\web\\belajar-ci\\first-app\\app\\Controllers\\Pages.php')
 2 SYSTEMPATH\Autoloader\Autoloader.php(269): CodeIgniter\Autoloader\Autoloader->loadInNamespace('App\\Controllers\\Pages')
 3 [internal function]: CodeIgniter\Autoloader\Autoloader->loadClass('App\\Controllers\\Pages')
 4 SYSTEMPATH\CodeIgniter.php(900): class_exists('\\App\\Controllers\\Pages', true)
 5 SYSTEMPATH\CodeIgniter.php(489): CodeIgniter\CodeIgniter->startController()
 6 SYSTEMPATH\CodeIgniter.php(361): CodeIgniter\CodeIgniter->handleRequest(null, Object(Config\Cache), false)
 7 FCPATH\index.php(79): CodeIgniter\CodeIgniter->run()
 8 SYSTEMPATH\Commands\Server\rewrite.php(47): require_once('C:\\Users\\Admin\\Documents\\web\\belajar-ci\\first-app\\public\\index.php')
CRITICAL - 2023-11-19 14:07:51 --> syntax error, unexpected identifier "jabatan", expecting "]"
in APPPATH\Controllers\Pages.php on line 100.
 1 SYSTEMPATH\Autoloader\Autoloader.php(291): CodeIgniter\Autoloader\Autoloader->includeFile('C:\\Users\\Admin\\Documents\\web\\belajar-ci\\first-app\\app\\Controllers\\Pages.php')
 2 SYSTEMPATH\Autoloader\Autoloader.php(269): CodeIgniter\Autoloader\Autoloader->loadInNamespace('App\\Controllers\\Pages')
 3 [internal function]: CodeIgniter\Autoloader\Autoloader->loadClass('App\\Controllers\\Pages')
 4 SYSTEMPATH\CodeIgniter.php(900): class_exists('\\App\\Controllers\\Pages', true)
 5 SYSTEMPATH\CodeIgniter.php(489): CodeIgniter\CodeIgniter->startController()
 6 SYSTEMPATH\CodeIgniter.php(361): CodeIgniter\CodeIgniter->handleRequest(null, Object(Config\Cache), false)
 7 FCPATH\index.php(79): CodeIgniter\CodeIgniter->run()
 8 SYSTEMPATH\Commands\Server\rewrite.php(47): require_once('C:\\Users\\Admin\\Documents\\web\\belajar-ci\\first-app\\public\\index.php')
CRITICAL - 2023-11-19 14:07:51 --> syntax error, unexpected identifier "jabatan", expecting "]"
in APPPATH\Controllers\Pages.php on line 100.
 1 SYSTEMPATH\Autoloader\Autoloader.php(291): CodeIgniter\Autoloader\Autoloader->includeFile('C:\\Users\\Admin\\Documents\\web\\belajar-ci\\first-app\\app\\Controllers\\Pages.php')
 2 SYSTEMPATH\Autoloader\Autoloader.php(269): CodeIgniter\Autoloader\Autoloader->loadInNamespace('App\\Controllers\\Pages')
 3 [internal function]: CodeIgniter\Autoloader\Autoloader->loadClass('App\\Controllers\\Pages')
 4 SYSTEMPATH\CodeIgniter.php(900): class_exists('\\App\\Controllers\\Pages', true)
 5 SYSTEMPATH\CodeIgniter.php(489): CodeIgniter\CodeIgniter->startController()
 6 SYSTEMPATH\CodeIgniter.php(361): CodeIgniter\CodeIgniter->handleRequest(null, Object(Config\Cache), false)
 7 FCPATH\index.php(79): CodeIgniter\CodeIgniter->run()
 8 SYSTEMPATH\Commands\Server\rewrite.php(47): require_once('C:\\Users\\Admin\\Documents\\web\\belajar-ci\\first-app\\public\\index.php')
CRITICAL - 2023-11-19 14:07:52 --> syntax error, unexpected identifier "jabatan", expecting "]"
in APPPATH\Controllers\Pages.php on line 100.
 1 SYSTEMPATH\Autoloader\Autoloader.php(291): CodeIgniter\Autoloader\Autoloader->includeFile('C:\\Users\\Admin\\Documents\\web\\belajar-ci\\first-app\\app\\Controllers\\Pages.php')
 2 SYSTEMPATH\Autoloader\Autoloader.php(269): CodeIgniter\Autoloader\Autoloader->loadInNamespace('App\\Controllers\\Pages')
 3 [internal function]: CodeIgniter\Autoloader\Autoloader->loadClass('App\\Controllers\\Pages')
 4 SYSTEMPATH\CodeIgniter.php(900): class_exists('\\App\\Controllers\\Pages', true)
 5 SYSTEMPATH\CodeIgniter.php(489): CodeIgniter\CodeIgniter->startController()
 6 SYSTEMPATH\CodeIgniter.php(361): CodeIgniter\CodeIgniter->handleRequest(null, Object(Config\Cache), false)
 7 FCPATH\index.php(79): CodeIgniter\CodeIgniter->run()
 8 SYSTEMPATH\Commands\Server\rewrite.php(47): require_once('C:\\Users\\Admin\\Documents\\web\\belajar-ci\\first-app\\public\\index.php')
CRITICAL - 2023-11-19 14:07:52 --> syntax error, unexpected identifier "jabatan", expecting "]"
in APPPATH\Controllers\Pages.php on line 100.
 1 SYSTEMPATH\Autoloader\Autoloader.php(291): CodeIgniter\Autoloader\Autoloader->includeFile('C:\\Users\\Admin\\Documents\\web\\belajar-ci\\first-app\\app\\Controllers\\Pages.php')
 2 SYSTEMPATH\Autoloader\Autoloader.php(269): CodeIgniter\Autoloader\Autoloader->loadInNamespace('App\\Controllers\\Pages')
 3 [internal function]: CodeIgniter\Autoloader\Autoloader->loadClass('App\\Controllers\\Pages')
 4 SYSTEMPATH\CodeIgniter.php(900): class_exists('\\App\\Controllers\\Pages', true)
 5 SYSTEMPATH\CodeIgniter.php(489): CodeIgniter\CodeIgniter->startController()
 6 SYSTEMPATH\CodeIgniter.php(361): CodeIgniter\CodeIgniter->handleRequest(null, Object(Config\Cache), false)
 7 FCPATH\index.php(79): CodeIgniter\CodeIgniter->run()
 8 SYSTEMPATH\Commands\Server\rewrite.php(47): require_once('C:\\Users\\Admin\\Documents\\web\\belajar-ci\\first-app\\public\\index.php')
CRITICAL - 2023-11-19 14:07:52 --> syntax error, unexpected identifier "jabatan", expecting "]"
in APPPATH\Controllers\Pages.php on line 100.
 1 SYSTEMPATH\Autoloader\Autoloader.php(291): CodeIgniter\Autoloader\Autoloader->includeFile('C:\\Users\\Admin\\Documents\\web\\belajar-ci\\first-app\\app\\Controllers\\Pages.php')
 2 SYSTEMPATH\Autoloader\Autoloader.php(269): CodeIgniter\Autoloader\Autoloader->loadInNamespace('App\\Controllers\\Pages')
 3 [internal function]: CodeIgniter\Autoloader\Autoloader->loadClass('App\\Controllers\\Pages')
 4 SYSTEMPATH\CodeIgniter.php(900): class_exists('\\App\\Controllers\\Pages', true)
 5 SYSTEMPATH\CodeIgniter.php(489): CodeIgniter\CodeIgniter->startController()
 6 SYSTEMPATH\CodeIgniter.php(361): CodeIgniter\CodeIgniter->handleRequest(null, Object(Config\Cache), false)
 7 FCPATH\index.php(79): CodeIgniter\CodeIgniter->run()
 8 SYSTEMPATH\Commands\Server\rewrite.php(47): require_once('C:\\Users\\Admin\\Documents\\web\\belajar-ci\\first-app\\public\\index.php')
CRITICAL - 2023-11-19 14:07:52 --> syntax error, unexpected identifier "jabatan", expecting "]"
in APPPATH\Controllers\Pages.php on line 100.
 1 SYSTEMPATH\Autoloader\Autoloader.php(291): CodeIgniter\Autoloader\Autoloader->includeFile('C:\\Users\\Admin\\Documents\\web\\belajar-ci\\first-app\\app\\Controllers\\Pages.php')
 2 SYSTEMPATH\Autoloader\Autoloader.php(269): CodeIgniter\Autoloader\Autoloader->loadInNamespace('App\\Controllers\\Pages')
 3 [internal function]: CodeIgniter\Autoloader\Autoloader->loadClass('App\\Controllers\\Pages')
 4 SYSTEMPATH\CodeIgniter.php(900): class_exists('\\App\\Controllers\\Pages', true)
 5 SYSTEMPATH\CodeIgniter.php(489): CodeIgniter\CodeIgniter->startController()
 6 SYSTEMPATH\CodeIgniter.php(361): CodeIgniter\CodeIgniter->handleRequest(null, Object(Config\Cache), false)
 7 FCPATH\index.php(79): CodeIgniter\CodeIgniter->run()
 8 SYSTEMPATH\Commands\Server\rewrite.php(47): require_once('C:\\Users\\Admin\\Documents\\web\\belajar-ci\\first-app\\public\\index.php')
CRITICAL - 2023-11-19 14:08:05 --> syntax error, unexpected identifier "jabatan", expecting "]"
in APPPATH\Controllers\Pages.php on line 100.
 1 SYSTEMPATH\Autoloader\Autoloader.php(291): CodeIgniter\Autoloader\Autoloader->includeFile('C:\\Users\\Admin\\Documents\\web\\belajar-ci\\first-app\\app\\Controllers\\Pages.php')
 2 SYSTEMPATH\Autoloader\Autoloader.php(269): CodeIgniter\Autoloader\Autoloader->loadInNamespace('App\\Controllers\\Pages')
 3 [internal function]: CodeIgniter\Autoloader\Autoloader->loadClass('App\\Controllers\\Pages')
 4 SYSTEMPATH\CodeIgniter.php(900): class_exists('\\App\\Controllers\\Pages', true)
 5 SYSTEMPATH\CodeIgniter.php(489): CodeIgniter\CodeIgniter->startController()
 6 SYSTEMPATH\CodeIgniter.php(361): CodeIgniter\CodeIgniter->handleRequest(null, Object(Config\Cache), false)
 7 FCPATH\index.php(79): CodeIgniter\CodeIgniter->run()
 8 SYSTEMPATH\Commands\Server\rewrite.php(47): require_once('C:\\Users\\Admin\\Documents\\web\\belajar-ci\\first-app\\public\\index.php')
CRITICAL - 2023-11-19 14:11:00 --> Undefined variable $id_jabatan
in APPPATH\Controllers\Pages.php on line 97.
 1 APPPATH\Controllers\Pages.php(97): CodeIgniter\Debug\Exceptions->errorHandler(2, 'Undefined variable $id_jabatan', 'C:\\Users\\Admin\\Documents\\web\\belajar-ci\\first-app\\app\\Controllers\\Pages.php', 97)
 2 SYSTEMPATH\CodeIgniter.php(942): App\Controllers\Pages->saveEmployee()
 3 SYSTEMPATH\CodeIgniter.php(502): CodeIgniter\CodeIgniter->runController(Object(App\Controllers\Pages))
 4 SYSTEMPATH\CodeIgniter.php(361): CodeIgniter\CodeIgniter->handleRequest(null, Object(Config\Cache), false)
 5 FCPATH\index.php(79): CodeIgniter\CodeIgniter->run()
 6 SYSTEMPATH\Commands\Server\rewrite.php(47): require_once('C:\\Users\\Admin\\Documents\\web\\belajar-ci\\first-app\\public\\index.php')
CRITICAL - 2023-11-19 14:11:44 --> Undefined variable $vallidation
in APPPATH\Controllers\Pages.php on line 99.
 1 APPPATH\Controllers\Pages.php(99): CodeIgniter\Debug\Exceptions->errorHandler(2, 'Undefined variable $vallidation', 'C:\\Users\\Admin\\Documents\\web\\belajar-ci\\first-app\\app\\Controllers\\Pages.php', 99)
 2 SYSTEMPATH\CodeIgniter.php(942): App\Controllers\Pages->saveEmployee()
 3 SYSTEMPATH\CodeIgniter.php(502): CodeIgniter\CodeIgniter->runController(Object(App\Controllers\Pages))
 4 SYSTEMPATH\CodeIgniter.php(361): CodeIgniter\CodeIgniter->handleRequest(null, Object(Config\Cache), false)
 5 FCPATH\index.php(79): CodeIgniter\CodeIgniter->run()
 6 SYSTEMPATH\Commands\Server\rewrite.php(47): require_once('C:\\Users\\Admin\\Documents\\web\\belajar-ci\\first-app\\public\\index.php')
CRITICAL - 2023-11-19 14:12:05 --> foreach() argument must be of type array|object, string given
in APPPATH\Views\pages\insert.php on line 15.
 1 APPPATH\Views\pages\insert.php(15): CodeIgniter\Debug\Exceptions->errorHandler(2, 'foreach() argument must be of type array|object, string given', 'C:\\Users\\Admin\\Documents\\web\\belajar-ci\\first-app\\app\\Views\\pages\\insert.php', 15)
 2 SYSTEMPATH\View\View.php(228): include('C:\\Users\\Admin\\Documents\\web\\belajar-ci\\first-app\\app\\Views\\pages\\insert.php')
 3 SYSTEMPATH\View\View.php(231): CodeIgniter\View\View->CodeIgniter\View\{closure}()
 4 SYSTEMPATH\Common.php(1190): CodeIgniter\View\View->render('pages/insert', [], true)
 5 APPPATH\Controllers\Pages.php(66): view('pages/insert', [...])
 6 SYSTEMPATH\CodeIgniter.php(942): App\Controllers\Pages->insertEmployee()
 7 SYSTEMPATH\CodeIgniter.php(502): CodeIgniter\CodeIgniter->runController(Object(App\Controllers\Pages))
 8 SYSTEMPATH\CodeIgniter.php(361): CodeIgniter\CodeIgniter->handleRequest(null, Object(Config\Cache), false)
 9 FCPATH\index.php(79): CodeIgniter\CodeIgniter->run()
10 SYSTEMPATH\Commands\Server\rewrite.php(47): require_once('C:\\Users\\Admin\\Documents\\web\\belajar-ci\\first-app\\public\\index.php')
CRITICAL - 2023-11-19 14:12:34 --> Undefined variable $error
in APPPATH\Views\pages\insert.php on line 17.
 1 APPPATH\Views\pages\insert.php(17): CodeIgniter\Debug\Exceptions->errorHandler(2, 'Undefined variable $error', 'C:\\Users\\Admin\\Documents\\web\\belajar-ci\\first-app\\app\\Views\\pages\\insert.php', 17)
 2 SYSTEMPATH\View\View.php(228): include('C:\\Users\\Admin\\Documents\\web\\belajar-ci\\first-app\\app\\Views\\pages\\insert.php')
 3 SYSTEMPATH\View\View.php(231): CodeIgniter\View\View->CodeIgniter\View\{closure}()
 4 SYSTEMPATH\Common.php(1190): CodeIgniter\View\View->render('pages/insert', [], true)
 5 APPPATH\Controllers\Pages.php(66): view('pages/insert', [...])
 6 SYSTEMPATH\CodeIgniter.php(942): App\Controllers\Pages->insertEmployee()
 7 SYSTEMPATH\CodeIgniter.php(502): CodeIgniter\CodeIgniter->runController(Object(App\Controllers\Pages))
 8 SYSTEMPATH\CodeIgniter.php(361): CodeIgniter\CodeIgniter->handleRequest(null, Object(Config\Cache), false)
 9 FCPATH\index.php(79): CodeIgniter\CodeIgniter->run()
10 SYSTEMPATH\Commands\Server\rewrite.php(47): require_once('C:\\Users\\Admin\\Documents\\web\\belajar-ci\\first-app\\public\\index.php')
CRITICAL - 2023-11-19 14:12:43 --> syntax error, unexpected token ";"
in APPPATH\Views\pages\insert.php on line 17.
 1 SYSTEMPATH\View\View.php(231): CodeIgniter\View\View->CodeIgniter\View\{closure}()
 2 SYSTEMPATH\Common.php(1190): CodeIgniter\View\View->render('pages/insert', [], true)
 3 APPPATH\Controllers\Pages.php(66): view('pages/insert', [...])
 4 SYSTEMPATH\CodeIgniter.php(942): App\Controllers\Pages->insertEmployee()
 5 SYSTEMPATH\CodeIgniter.php(502): CodeIgniter\CodeIgniter->runController(Object(App\Controllers\Pages))
 6 SYSTEMPATH\CodeIgniter.php(361): CodeIgniter\CodeIgniter->handleRequest(null, Object(Config\Cache), false)
 7 FCPATH\index.php(79): CodeIgniter\CodeIgniter->run()
 8 SYSTEMPATH\Commands\Server\rewrite.php(47): require_once('C:\\Users\\Admin\\Documents\\web\\belajar-ci\\first-app\\public\\index.php')
ERROR - 2023-11-19 14:14:04 --> mysqli_sql_exception: Cannot add or update a child row: a foreign key constraint fails (`db_test`.`tb_employee`, CONSTRAINT `tb_employee_ibfk_1` FOREIGN KEY (`id_jabatan`) REFERENCES `tb_jabatan` (`id_jabatan`)) in C:\Users\Admin\Documents\web\belajar-ci\first-app\system\Database\MySQLi\Connection.php:306
Stack trace:
#0 C:\Users\Admin\Documents\web\belajar-ci\first-app\system\Database\MySQLi\Connection.php(306): mysqli->query('INSERT INTO `tb...', 0)
#1 C:\Users\Admin\Documents\web\belajar-ci\first-app\system\Database\BaseConnection.php(693): CodeIgniter\Database\MySQLi\Connection->execute('INSERT INTO `tb...')
#2 C:\Users\Admin\Documents\web\belajar-ci\first-app\system\Database\BaseConnection.php(607): CodeIgniter\Database\BaseConnection->simpleQuery('INSERT INTO `tb...')
#3 C:\Users\Admin\Documents\web\belajar-ci\first-app\system\Database\BaseBuilder.php(2308): CodeIgniter\Database\BaseConnection->query('INSERT INTO `tb...', Array, false)
#4 C:\Users\Admin\Documents\web\belajar-ci\first-app\system\Model.php(319): CodeIgniter\Database\BaseBuilder->insert()
#5 C:\Users\Admin\Documents\web\belajar-ci\first-app\system\BaseModel.php(788): CodeIgniter\Model->doInsert(Array)
#6 C:\Users\Admin\Documents\web\belajar-ci\first-app\system\Model.php(715): CodeIgniter\BaseModel->insert(Array, true)
#7 C:\Users\Admin\Documents\web\belajar-ci\first-app\app\Controllers\Pages.php(120): CodeIgniter\Model->insert(Array)
#8 C:\Users\Admin\Documents\web\belajar-ci\first-app\system\CodeIgniter.php(942): App\Controllers\Pages->saveEmployee()
#9 C:\Users\Admin\Documents\web\belajar-ci\first-app\system\CodeIgniter.php(502): CodeIgniter\CodeIgniter->runController(Object(App\Controllers\Pages))
#10 C:\Users\Admin\Documents\web\belajar-ci\first-app\system\CodeIgniter.php(361): CodeIgniter\CodeIgniter->handleRequest(NULL, Object(Config\Cache), false)
#11 C:\Users\Admin\Documents\web\belajar-ci\first-app\public\index.php(79): CodeIgniter\CodeIgniter->run()
#12 C:\Users\Admin\Documents\web\belajar-ci\first-app\system\Commands\Server\rewrite.php(47): require_once('C:\\Users\\Admin\\...')
#13 {main}
CRITICAL - 2023-11-19 14:14:04 --> Cannot add or update a child row: a foreign key constraint fails (`db_test`.`tb_employee`, CONSTRAINT `tb_employee_ibfk_1` FOREIGN KEY (`id_jabatan`) REFERENCES `tb_jabatan` (`id_jabatan`))
in SYSTEMPATH\Database\BaseConnection.php on line 647.
 1 SYSTEMPATH\Database\BaseBuilder.php(2308): CodeIgniter\Database\BaseConnection->query('INSERT INTO `tb_employee` (`employee_name`, `employee_salary`, `employee_age`, `id_jabatan`, `picture`, `created_at`, `updated_at`) VALUES (:employee_name:, :employee_salary:, :employee_age:, :id_jabatan:, :picture:, :created_at:, :updated_at:)', [...], false)
 2 SYSTEMPATH\Model.php(319): CodeIgniter\Database\BaseBuilder->insert()
 3 SYSTEMPATH\BaseModel.php(788): CodeIgniter\Model->doInsert([...])
 4 SYSTEMPATH\Model.php(715): CodeIgniter\BaseModel->insert([...], true)
 5 APPPATH\Controllers\Pages.php(120): CodeIgniter\Model->insert([...])
 6 SYSTEMPATH\CodeIgniter.php(942): App\Controllers\Pages->saveEmployee()
 7 SYSTEMPATH\CodeIgniter.php(502): CodeIgniter\CodeIgniter->runController(Object(App\Controllers\Pages))
 8 SYSTEMPATH\CodeIgniter.php(361): CodeIgniter\CodeIgniter->handleRequest(null, Object(Config\Cache), false)
 9 FCPATH\index.php(79): CodeIgniter\CodeIgniter->run()
10 SYSTEMPATH\Commands\Server\rewrite.php(47): require_once('C:\\Users\\Admin\\Documents\\web\\belajar-ci\\first-app\\public\\index.php')
ERROR - 2023-11-19 14:15:41 --> mysqli_sql_exception: Cannot add or update a child row: a foreign key constraint fails (`db_test`.`tb_employee`, CONSTRAINT `tb_employee_ibfk_1` FOREIGN KEY (`id_jabatan`) REFERENCES `tb_jabatan` (`id_jabatan`)) in C:\Users\Admin\Documents\web\belajar-ci\first-app\system\Database\MySQLi\Connection.php:306
Stack trace:
#0 C:\Users\Admin\Documents\web\belajar-ci\first-app\system\Database\MySQLi\Connection.php(306): mysqli->query('INSERT INTO `tb...', 0)
#1 C:\Users\Admin\Documents\web\belajar-ci\first-app\system\Database\BaseConnection.php(693): CodeIgniter\Database\MySQLi\Connection->execute('INSERT INTO `tb...')
#2 C:\Users\Admin\Documents\web\belajar-ci\first-app\system\Database\BaseConnection.php(607): CodeIgniter\Database\BaseConnection->simpleQuery('INSERT INTO `tb...')
#3 C:\Users\Admin\Documents\web\belajar-ci\first-app\system\Database\BaseBuilder.php(2308): CodeIgniter\Database\BaseConnection->query('INSERT INTO `tb...', Array, false)
#4 C:\Users\Admin\Documents\web\belajar-ci\first-app\system\Model.php(319): CodeIgniter\Database\BaseBuilder->insert()
#5 C:\Users\Admin\Documents\web\belajar-ci\first-app\system\BaseModel.php(788): CodeIgniter\Model->doInsert(Array)
#6 C:\Users\Admin\Documents\web\belajar-ci\first-app\system\Model.php(715): CodeIgniter\BaseModel->insert(Array, true)
#7 C:\Users\Admin\Documents\web\belajar-ci\first-app\app\Controllers\Pages.php(123): CodeIgniter\Model->insert(Array)
#8 C:\Users\Admin\Documents\web\belajar-ci\first-app\system\CodeIgniter.php(942): App\Controllers\Pages->saveEmployee()
#9 C:\Users\Admin\Documents\web\belajar-ci\first-app\system\CodeIgniter.php(502): CodeIgniter\CodeIgniter->runController(Object(App\Controllers\Pages))
#10 C:\Users\Admin\Documents\web\belajar-ci\first-app\system\CodeIgniter.php(361): CodeIgniter\CodeIgniter->handleRequest(NULL, Object(Config\Cache), false)
#11 C:\Users\Admin\Documents\web\belajar-ci\first-app\public\index.php(79): CodeIgniter\CodeIgniter->run()
#12 C:\Users\Admin\Documents\web\belajar-ci\first-app\system\Commands\Server\rewrite.php(47): require_once('C:\\Users\\Admin\\...')
#13 {main}
CRITICAL - 2023-11-19 14:15:41 --> Cannot add or update a child row: a foreign key constraint fails (`db_test`.`tb_employee`, CONSTRAINT `tb_employee_ibfk_1` FOREIGN KEY (`id_jabatan`) REFERENCES `tb_jabatan` (`id_jabatan`))
in SYSTEMPATH\Database\BaseConnection.php on line 647.
 1 SYSTEMPATH\Database\BaseBuilder.php(2308): CodeIgniter\Database\BaseConnection->query('INSERT INTO `tb_employee` (`employee_name`, `employee_salary`, `employee_age`, `id_jabatan`, `picture`, `created_at`, `updated_at`) VALUES (:employee_name:, :employee_salary:, :employee_age:, :id_jabatan:, :picture:, :created_at:, :updated_at:)', [...], false)
 2 SYSTEMPATH\Model.php(319): CodeIgniter\Database\BaseBuilder->insert()
 3 SYSTEMPATH\BaseModel.php(788): CodeIgniter\Model->doInsert([...])
 4 SYSTEMPATH\Model.php(715): CodeIgniter\BaseModel->insert([...], true)
 5 APPPATH\Controllers\Pages.php(123): CodeIgniter\Model->insert([...])
 6 SYSTEMPATH\CodeIgniter.php(942): App\Controllers\Pages->saveEmployee()
 7 SYSTEMPATH\CodeIgniter.php(502): CodeIgniter\CodeIgniter->runController(Object(App\Controllers\Pages))
 8 SYSTEMPATH\CodeIgniter.php(361): CodeIgniter\CodeIgniter->handleRequest(null, Object(Config\Cache), false)
 9 FCPATH\index.php(79): CodeIgniter\CodeIgniter->run()
10 SYSTEMPATH\Commands\Server\rewrite.php(47): require_once('C:\\Users\\Admin\\Documents\\web\\belajar-ci\\first-app\\public\\index.php')
ERROR - 2023-11-19 14:15:52 --> mysqli_sql_exception: Cannot add or update a child row: a foreign key constraint fails (`db_test`.`tb_employee`, CONSTRAINT `tb_employee_ibfk_1` FOREIGN KEY (`id_jabatan`) REFERENCES `tb_jabatan` (`id_jabatan`)) in C:\Users\Admin\Documents\web\belajar-ci\first-app\system\Database\MySQLi\Connection.php:306
Stack trace:
#0 C:\Users\Admin\Documents\web\belajar-ci\first-app\system\Database\MySQLi\Connection.php(306): mysqli->query('INSERT INTO `tb...', 0)
#1 C:\Users\Admin\Documents\web\belajar-ci\first-app\system\Database\BaseConnection.php(693): CodeIgniter\Database\MySQLi\Connection->execute('INSERT INTO `tb...')
#2 C:\Users\Admin\Documents\web\belajar-ci\first-app\system\Database\BaseConnection.php(607): CodeIgniter\Database\BaseConnection->simpleQuery('INSERT INTO `tb...')
#3 C:\Users\Admin\Documents\web\belajar-ci\first-app\system\Database\BaseBuilder.php(2308): CodeIgniter\Database\BaseConnection->query('INSERT INTO `tb...', Array, false)
#4 C:\Users\Admin\Documents\web\belajar-ci\first-app\system\Model.php(319): CodeIgniter\Database\BaseBuilder->insert()
#5 C:\Users\Admin\Documents\web\belajar-ci\first-app\system\BaseModel.php(788): CodeIgniter\Model->doInsert(Array)
#6 C:\Users\Admin\Documents\web\belajar-ci\first-app\system\Model.php(715): CodeIgniter\BaseModel->insert(Array, true)
#7 C:\Users\Admin\Documents\web\belajar-ci\first-app\app\Controllers\Pages.php(123): CodeIgniter\Model->insert(Array)
#8 C:\Users\Admin\Documents\web\belajar-ci\first-app\system\CodeIgniter.php(942): App\Controllers\Pages->saveEmployee()
#9 C:\Users\Admin\Documents\web\belajar-ci\first-app\system\CodeIgniter.php(502): CodeIgniter\CodeIgniter->runController(Object(App\Controllers\Pages))
#10 C:\Users\Admin\Documents\web\belajar-ci\first-app\system\CodeIgniter.php(361): CodeIgniter\CodeIgniter->handleRequest(NULL, Object(Config\Cache), false)
#11 C:\Users\Admin\Documents\web\belajar-ci\first-app\public\index.php(79): CodeIgniter\CodeIgniter->run()
#12 C:\Users\Admin\Documents\web\belajar-ci\first-app\system\Commands\Server\rewrite.php(47): require_once('C:\\Users\\Admin\\...')
#13 {main}
CRITICAL - 2023-11-19 14:15:52 --> Cannot add or update a child row: a foreign key constraint fails (`db_test`.`tb_employee`, CONSTRAINT `tb_employee_ibfk_1` FOREIGN KEY (`id_jabatan`) REFERENCES `tb_jabatan` (`id_jabatan`))
in SYSTEMPATH\Database\BaseConnection.php on line 647.
 1 SYSTEMPATH\Database\BaseBuilder.php(2308): CodeIgniter\Database\BaseConnection->query('INSERT INTO `tb_employee` (`employee_name`, `employee_salary`, `employee_age`, `id_jabatan`, `picture`, `created_at`, `updated_at`) VALUES (:employee_name:, :employee_salary:, :employee_age:, :id_jabatan:, :picture:, :created_at:, :updated_at:)', [...], false)
 2 SYSTEMPATH\Model.php(319): CodeIgniter\Database\BaseBuilder->insert()
 3 SYSTEMPATH\BaseModel.php(788): CodeIgniter\Model->doInsert([...])
 4 SYSTEMPATH\Model.php(715): CodeIgniter\BaseModel->insert([...], true)
 5 APPPATH\Controllers\Pages.php(123): CodeIgniter\Model->insert([...])
 6 SYSTEMPATH\CodeIgniter.php(942): App\Controllers\Pages->saveEmployee()
 7 SYSTEMPATH\CodeIgniter.php(502): CodeIgniter\CodeIgniter->runController(Object(App\Controllers\Pages))
 8 SYSTEMPATH\CodeIgniter.php(361): CodeIgniter\CodeIgniter->handleRequest(null, Object(Config\Cache), false)
 9 FCPATH\index.php(79): CodeIgniter\CodeIgniter->run()
10 SYSTEMPATH\Commands\Server\rewrite.php(47): require_once('C:\\Users\\Admin\\Documents\\web\\belajar-ci\\first-app\\public\\index.php')
ERROR - 2023-11-19 14:16:28 --> mysqli_sql_exception: Cannot add or update a child row: a foreign key constraint fails (`db_test`.`tb_employee`, CONSTRAINT `tb_employee_ibfk_1` FOREIGN KEY (`id_jabatan`) REFERENCES `tb_jabatan` (`id_jabatan`)) in C:\Users\Admin\Documents\web\belajar-ci\first-app\system\Database\MySQLi\Connection.php:306
Stack trace:
#0 C:\Users\Admin\Documents\web\belajar-ci\first-app\system\Database\MySQLi\Connection.php(306): mysqli->query('INSERT INTO `tb...', 0)
#1 C:\Users\Admin\Documents\web\belajar-ci\first-app\system\Database\BaseConnection.php(693): CodeIgniter\Database\MySQLi\Connection->execute('INSERT INTO `tb...')
#2 C:\Users\Admin\Documents\web\belajar-ci\first-app\system\Database\BaseConnection.php(607): CodeIgniter\Database\BaseConnection->simpleQuery('INSERT INTO `tb...')
#3 C:\Users\Admin\Documents\web\belajar-ci\first-app\system\Database\BaseBuilder.php(2308): CodeIgniter\Database\BaseConnection->query('INSERT INTO `tb...', Array, false)
#4 C:\Users\Admin\Documents\web\belajar-ci\first-app\system\Model.php(319): CodeIgniter\Database\BaseBuilder->insert()
#5 C:\Users\Admin\Documents\web\belajar-ci\first-app\system\BaseModel.php(788): CodeIgniter\Model->doInsert(Array)
#6 C:\Users\Admin\Documents\web\belajar-ci\first-app\system\Model.php(715): CodeIgniter\BaseModel->insert(Array, true)
#7 C:\Users\Admin\Documents\web\belajar-ci\first-app\app\Controllers\Pages.php(123): CodeIgniter\Model->insert(Array)
#8 C:\Users\Admin\Documents\web\belajar-ci\first-app\system\CodeIgniter.php(942): App\Controllers\Pages->saveEmployee()
#9 C:\Users\Admin\Documents\web\belajar-ci\first-app\system\CodeIgniter.php(502): CodeIgniter\CodeIgniter->runController(Object(App\Controllers\Pages))
#10 C:\Users\Admin\Documents\web\belajar-ci\first-app\system\CodeIgniter.php(361): CodeIgniter\CodeIgniter->handleRequest(NULL, Object(Config\Cache), false)
#11 C:\Users\Admin\Documents\web\belajar-ci\first-app\public\index.php(79): CodeIgniter\CodeIgniter->run()
#12 C:\Users\Admin\Documents\web\belajar-ci\first-app\system\Commands\Server\rewrite.php(47): require_once('C:\\Users\\Admin\\...')
#13 {main}
CRITICAL - 2023-11-19 14:16:28 --> Cannot add or update a child row: a foreign key constraint fails (`db_test`.`tb_employee`, CONSTRAINT `tb_employee_ibfk_1` FOREIGN KEY (`id_jabatan`) REFERENCES `tb_jabatan` (`id_jabatan`))
in SYSTEMPATH\Database\BaseConnection.php on line 647.
 1 SYSTEMPATH\Database\BaseBuilder.php(2308): CodeIgniter\Database\BaseConnection->query('INSERT INTO `tb_employee` (`employee_name`, `employee_salary`, `employee_age`, `id_jabatan`, `picture`, `created_at`, `updated_at`) VALUES (:employee_name:, :employee_salary:, :employee_age:, :id_jabatan:, :picture:, :created_at:, :updated_at:)', [...], false)
 2 SYSTEMPATH\Model.php(319): CodeIgniter\Database\BaseBuilder->insert()
 3 SYSTEMPATH\BaseModel.php(788): CodeIgniter\Model->doInsert([...])
 4 SYSTEMPATH\Model.php(715): CodeIgniter\BaseModel->insert([...], true)
 5 APPPATH\Controllers\Pages.php(123): CodeIgniter\Model->insert([...])
 6 SYSTEMPATH\CodeIgniter.php(942): App\Controllers\Pages->saveEmployee()
 7 SYSTEMPATH\CodeIgniter.php(502): CodeIgniter\CodeIgniter->runController(Object(App\Controllers\Pages))
 8 SYSTEMPATH\CodeIgniter.php(361): CodeIgniter\CodeIgniter->handleRequest(null, Object(Config\Cache), false)
 9 FCPATH\index.php(79): CodeIgniter\CodeIgniter->run()
10 SYSTEMPATH\Commands\Server\rewrite.php(47): require_once('C:\\Users\\Admin\\Documents\\web\\belajar-ci\\first-app\\public\\index.php')
ERROR - 2023-11-19 14:16:56 --> mysqli_sql_exception: Cannot add or update a child row: a foreign key constraint fails (`db_test`.`tb_employee`, CONSTRAINT `tb_employee_ibfk_1` FOREIGN KEY (`id_jabatan`) REFERENCES `tb_jabatan` (`id_jabatan`)) in C:\Users\Admin\Documents\web\belajar-ci\first-app\system\Database\MySQLi\Connection.php:306
Stack trace:
#0 C:\Users\Admin\Documents\web\belajar-ci\first-app\system\Database\MySQLi\Connection.php(306): mysqli->query('INSERT INTO `tb...', 0)
#1 C:\Users\Admin\Documents\web\belajar-ci\first-app\system\Database\BaseConnection.php(693): CodeIgniter\Database\MySQLi\Connection->execute('INSERT INTO `tb...')
#2 C:\Users\Admin\Documents\web\belajar-ci\first-app\system\Database\BaseConnection.php(607): CodeIgniter\Database\BaseConnection->simpleQuery('INSERT INTO `tb...')
#3 C:\Users\Admin\Documents\web\belajar-ci\first-app\system\Database\BaseBuilder.php(2308): CodeIgniter\Database\BaseConnection->query('INSERT INTO `tb...', Array, false)
#4 C:\Users\Admin\Documents\web\belajar-ci\first-app\system\Model.php(319): CodeIgniter\Database\BaseBuilder->insert()
#5 C:\Users\Admin\Documents\web\belajar-ci\first-app\system\BaseModel.php(788): CodeIgniter\Model->doInsert(Array)
#6 C:\Users\Admin\Documents\web\belajar-ci\first-app\system\Model.php(715): CodeIgniter\BaseModel->insert(Array, true)
#7 C:\Users\Admin\Documents\web\belajar-ci\first-app\app\Controllers\Pages.php(123): CodeIgniter\Model->insert(Array)
#8 C:\Users\Admin\Documents\web\belajar-ci\first-app\system\CodeIgniter.php(942): App\Controllers\Pages->saveEmployee()
#9 C:\Users\Admin\Documents\web\belajar-ci\first-app\system\CodeIgniter.php(502): CodeIgniter\CodeIgniter->runController(Object(App\Controllers\Pages))
#10 C:\Users\Admin\Documents\web\belajar-ci\first-app\system\CodeIgniter.php(361): CodeIgniter\CodeIgniter->handleRequest(NULL, Object(Config\Cache), false)
#11 C:\Users\Admin\Documents\web\belajar-ci\first-app\public\index.php(79): CodeIgniter\CodeIgniter->run()
#12 C:\Users\Admin\Documents\web\belajar-ci\first-app\system\Commands\Server\rewrite.php(47): require_once('C:\\Users\\Admin\\...')
#13 {main}
CRITICAL - 2023-11-19 14:16:56 --> Cannot add or update a child row: a foreign key constraint fails (`db_test`.`tb_employee`, CONSTRAINT `tb_employee_ibfk_1` FOREIGN KEY (`id_jabatan`) REFERENCES `tb_jabatan` (`id_jabatan`))
in SYSTEMPATH\Database\BaseConnection.php on line 647.
 1 SYSTEMPATH\Database\BaseBuilder.php(2308): CodeIgniter\Database\BaseConnection->query('INSERT INTO `tb_employee` (`employee_name`, `employee_salary`, `employee_age`, `id_jabatan`, `picture`, `created_at`, `updated_at`) VALUES (:employee_name:, :employee_salary:, :employee_age:, :id_jabatan:, :picture:, :created_at:, :updated_at:)', [...], false)
 2 SYSTEMPATH\Model.php(319): CodeIgniter\Database\BaseBuilder->insert()
 3 SYSTEMPATH\BaseModel.php(788): CodeIgniter\Model->doInsert([...])
 4 SYSTEMPATH\Model.php(715): CodeIgniter\BaseModel->insert([...], true)
 5 APPPATH\Controllers\Pages.php(123): CodeIgniter\Model->insert([...])
 6 SYSTEMPATH\CodeIgniter.php(942): App\Controllers\Pages->saveEmployee()
 7 SYSTEMPATH\CodeIgniter.php(502): CodeIgniter\CodeIgniter->runController(Object(App\Controllers\Pages))
 8 SYSTEMPATH\CodeIgniter.php(361): CodeIgniter\CodeIgniter->handleRequest(null, Object(Config\Cache), false)
 9 FCPATH\index.php(79): CodeIgniter\CodeIgniter->run()
10 SYSTEMPATH\Commands\Server\rewrite.php(47): require_once('C:\\Users\\Admin\\Documents\\web\\belajar-ci\\first-app\\public\\index.php')
ERROR - 2023-11-19 14:17:30 --> mysqli_sql_exception: Cannot add or update a child row: a foreign key constraint fails (`db_test`.`tb_employee`, CONSTRAINT `tb_employee_ibfk_1` FOREIGN KEY (`id_jabatan`) REFERENCES `tb_jabatan` (`id_jabatan`)) in C:\Users\Admin\Documents\web\belajar-ci\first-app\system\Database\MySQLi\Connection.php:306
Stack trace:
#0 C:\Users\Admin\Documents\web\belajar-ci\first-app\system\Database\MySQLi\Connection.php(306): mysqli->query('INSERT INTO `tb...', 0)
#1 C:\Users\Admin\Documents\web\belajar-ci\first-app\system\Database\BaseConnection.php(693): CodeIgniter\Database\MySQLi\Connection->execute('INSERT INTO `tb...')
#2 C:\Users\Admin\Documents\web\belajar-ci\first-app\system\Database\BaseConnection.php(607): CodeIgniter\Database\BaseConnection->simpleQuery('INSERT INTO `tb...')
#3 C:\Users\Admin\Documents\web\belajar-ci\first-app\system\Database\BaseBuilder.php(2308): CodeIgniter\Database\BaseConnection->query('INSERT INTO `tb...', Array, false)
#4 C:\Users\Admin\Documents\web\belajar-ci\first-app\system\Model.php(319): CodeIgniter\Database\BaseBuilder->insert()
#5 C:\Users\Admin\Documents\web\belajar-ci\first-app\system\BaseModel.php(788): CodeIgniter\Model->doInsert(Array)
#6 C:\Users\Admin\Documents\web\belajar-ci\first-app\system\Model.php(715): CodeIgniter\BaseModel->insert(Array, true)
#7 C:\Users\Admin\Documents\web\belajar-ci\first-app\app\Controllers\Pages.php(123): CodeIgniter\Model->insert(Array)
#8 C:\Users\Admin\Documents\web\belajar-ci\first-app\system\CodeIgniter.php(942): App\Controllers\Pages->saveEmployee()
#9 C:\Users\Admin\Documents\web\belajar-ci\first-app\system\CodeIgniter.php(502): CodeIgniter\CodeIgniter->runController(Object(App\Controllers\Pages))
#10 C:\Users\Admin\Documents\web\belajar-ci\first-app\system\CodeIgniter.php(361): CodeIgniter\CodeIgniter->handleRequest(NULL, Object(Config\Cache), false)
#11 C:\Users\Admin\Documents\web\belajar-ci\first-app\public\index.php(79): CodeIgniter\CodeIgniter->run()
#12 C:\Users\Admin\Documents\web\belajar-ci\first-app\system\Commands\Server\rewrite.php(47): require_once('C:\\Users\\Admin\\...')
#13 {main}
CRITICAL - 2023-11-19 14:17:30 --> Cannot add or update a child row: a foreign key constraint fails (`db_test`.`tb_employee`, CONSTRAINT `tb_employee_ibfk_1` FOREIGN KEY (`id_jabatan`) REFERENCES `tb_jabatan` (`id_jabatan`))
in SYSTEMPATH\Database\BaseConnection.php on line 647.
 1 SYSTEMPATH\Database\BaseBuilder.php(2308): CodeIgniter\Database\BaseConnection->query('INSERT INTO `tb_employee` (`employee_name`, `employee_salary`, `employee_age`, `id_jabatan`, `picture`, `created_at`, `updated_at`) VALUES (:employee_name:, :employee_salary:, :employee_age:, :id_jabatan:, :picture:, :created_at:, :updated_at:)', [...], false)
 2 SYSTEMPATH\Model.php(319): CodeIgniter\Database\BaseBuilder->insert()
 3 SYSTEMPATH\BaseModel.php(788): CodeIgniter\Model->doInsert([...])
 4 SYSTEMPATH\Model.php(715): CodeIgniter\BaseModel->insert([...], true)
 5 APPPATH\Controllers\Pages.php(123): CodeIgniter\Model->insert([...])
 6 SYSTEMPATH\CodeIgniter.php(942): App\Controllers\Pages->saveEmployee()
 7 SYSTEMPATH\CodeIgniter.php(502): CodeIgniter\CodeIgniter->runController(Object(App\Controllers\Pages))
 8 SYSTEMPATH\CodeIgniter.php(361): CodeIgniter\CodeIgniter->handleRequest(null, Object(Config\Cache), false)
 9 FCPATH\index.php(79): CodeIgniter\CodeIgniter->run()
10 SYSTEMPATH\Commands\Server\rewrite.php(47): require_once('C:\\Users\\Admin\\Documents\\web\\belajar-ci\\first-app\\public\\index.php')
ERROR - 2023-11-19 15:09:45 --> mysqli_sql_exception: Cannot add or update a child row: a foreign key constraint fails (`db_test`.`tb_employee`, CONSTRAINT `tb_employee_ibfk_1` FOREIGN KEY (`id_jabatan`) REFERENCES `tb_jabatan` (`id_jabatan`)) in C:\Users\Admin\Documents\web\belajar-ci\first-app\system\Database\MySQLi\Connection.php:306
Stack trace:
#0 C:\Users\Admin\Documents\web\belajar-ci\first-app\system\Database\MySQLi\Connection.php(306): mysqli->query('INSERT INTO `tb...', 0)
#1 C:\Users\Admin\Documents\web\belajar-ci\first-app\system\Database\BaseConnection.php(693): CodeIgniter\Database\MySQLi\Connection->execute('INSERT INTO `tb...')
#2 C:\Users\Admin\Documents\web\belajar-ci\first-app\system\Database\BaseConnection.php(607): CodeIgniter\Database\BaseConnection->simpleQuery('INSERT INTO `tb...')
#3 C:\Users\Admin\Documents\web\belajar-ci\first-app\system\Database\BaseBuilder.php(2308): CodeIgniter\Database\BaseConnection->query('INSERT INTO `tb...', Array, false)
#4 C:\Users\Admin\Documents\web\belajar-ci\first-app\system\Model.php(319): CodeIgniter\Database\BaseBuilder->insert()
#5 C:\Users\Admin\Documents\web\belajar-ci\first-app\system\BaseModel.php(788): CodeIgniter\Model->doInsert(Array)
#6 C:\Users\Admin\Documents\web\belajar-ci\first-app\system\Model.php(715): CodeIgniter\BaseModel->insert(Array, true)
#7 C:\Users\Admin\Documents\web\belajar-ci\first-app\app\Controllers\Pages.php(123): CodeIgniter\Model->insert(Array)
#8 C:\Users\Admin\Documents\web\belajar-ci\first-app\system\CodeIgniter.php(942): App\Controllers\Pages->saveEmployee()
#9 C:\Users\Admin\Documents\web\belajar-ci\first-app\system\CodeIgniter.php(502): CodeIgniter\CodeIgniter->runController(Object(App\Controllers\Pages))
#10 C:\Users\Admin\Documents\web\belajar-ci\first-app\system\CodeIgniter.php(361): CodeIgniter\CodeIgniter->handleRequest(NULL, Object(Config\Cache), false)
#11 C:\Users\Admin\Documents\web\belajar-ci\first-app\public\index.php(79): CodeIgniter\CodeIgniter->run()
#12 C:\Users\Admin\Documents\web\belajar-ci\first-app\system\Commands\Server\rewrite.php(47): require_once('C:\\Users\\Admin\\...')
#13 {main}
CRITICAL - 2023-11-19 15:09:45 --> Cannot add or update a child row: a foreign key constraint fails (`db_test`.`tb_employee`, CONSTRAINT `tb_employee_ibfk_1` FOREIGN KEY (`id_jabatan`) REFERENCES `tb_jabatan` (`id_jabatan`))
in SYSTEMPATH\Database\BaseConnection.php on line 647.
 1 SYSTEMPATH\Database\BaseBuilder.php(2308): CodeIgniter\Database\BaseConnection->query('INSERT INTO `tb_employee` (`employee_name`, `employee_salary`, `employee_age`, `id_jabatan`, `picture`, `created_at`, `updated_at`) VALUES (:employee_name:, :employee_salary:, :employee_age:, :id_jabatan:, :picture:, :created_at:, :updated_at:)', [...], false)
 2 SYSTEMPATH\Model.php(319): CodeIgniter\Database\BaseBuilder->insert()
 3 SYSTEMPATH\BaseModel.php(788): CodeIgniter\Model->doInsert([...])
 4 SYSTEMPATH\Model.php(715): CodeIgniter\BaseModel->insert([...], true)
 5 APPPATH\Controllers\Pages.php(123): CodeIgniter\Model->insert([...])
 6 SYSTEMPATH\CodeIgniter.php(942): App\Controllers\Pages->saveEmployee()
 7 SYSTEMPATH\CodeIgniter.php(502): CodeIgniter\CodeIgniter->runController(Object(App\Controllers\Pages))
 8 SYSTEMPATH\CodeIgniter.php(361): CodeIgniter\CodeIgniter->handleRequest(null, Object(Config\Cache), false)
 9 FCPATH\index.php(79): CodeIgniter\CodeIgniter->run()
10 SYSTEMPATH\Commands\Server\rewrite.php(47): require_once('C:\\Users\\Admin\\Documents\\web\\belajar-ci\\first-app\\public\\index.php')
CRITICAL - 2023-11-19 15:10:53 --> Undefined variable $id_jabatan
in APPPATH\Controllers\Pages.php on line 95.
 1 APPPATH\Controllers\Pages.php(95): CodeIgniter\Debug\Exceptions->errorHandler(2, 'Undefined variable $id_jabatan', 'C:\\Users\\Admin\\Documents\\web\\belajar-ci\\first-app\\app\\Controllers\\Pages.php', 95)
 2 SYSTEMPATH\CodeIgniter.php(942): App\Controllers\Pages->saveEmployee()
 3 SYSTEMPATH\CodeIgniter.php(502): CodeIgniter\CodeIgniter->runController(Object(App\Controllers\Pages))
 4 SYSTEMPATH\CodeIgniter.php(361): CodeIgniter\CodeIgniter->handleRequest(null, Object(Config\Cache), false)
 5 FCPATH\index.php(79): CodeIgniter\CodeIgniter->run()
 6 SYSTEMPATH\Commands\Server\rewrite.php(47): require_once('C:\\Users\\Admin\\Documents\\web\\belajar-ci\\first-app\\public\\index.php')
CRITICAL - 2023-11-19 15:32:29 --> Trying to access array offset on value of type null
in APPPATH\Views\pages\employee-detail.php on line 7.
 1 APPPATH\Views\pages\employee-detail.php(7): CodeIgniter\Debug\Exceptions->errorHandler(2, 'Trying to access array offset on value of type null', 'C:\\Users\\Admin\\Documents\\web\\belajar-ci\\first-app\\app\\Views\\pages\\employee-detail.php', 7)
 2 SYSTEMPATH\View\View.php(228): include('C:\\Users\\Admin\\Documents\\web\\belajar-ci\\first-app\\app\\Views\\pages\\employee-detail.php')
 3 SYSTEMPATH\View\View.php(231): CodeIgniter\View\View->CodeIgniter\View\{closure}()
 4 SYSTEMPATH\Common.php(1190): CodeIgniter\View\View->render('pages/employee-detail', [], true)
 5 APPPATH\Controllers\Pages.php(49): view('pages/employee-detail', [...])
 6 SYSTEMPATH\CodeIgniter.php(942): App\Controllers\Pages->employee('121212')
 7 SYSTEMPATH\CodeIgniter.php(502): CodeIgniter\CodeIgniter->runController(Object(App\Controllers\Pages))
 8 SYSTEMPATH\CodeIgniter.php(361): CodeIgniter\CodeIgniter->handleRequest(null, Object(Config\Cache), false)
 9 FCPATH\index.php(79): CodeIgniter\CodeIgniter->run()
10 SYSTEMPATH\Commands\Server\rewrite.php(47): require_once('C:\\Users\\Admin\\Documents\\web\\belajar-ci\\first-app\\public\\index.php')
CRITICAL - 2023-11-19 15:32:44 --> Trying to access array offset on value of type null
in APPPATH\Views\pages\employee-detail.php on line 7.
 1 APPPATH\Views\pages\employee-detail.php(7): CodeIgniter\Debug\Exceptions->errorHandler(2, 'Trying to access array offset on value of type null', 'C:\\Users\\Admin\\Documents\\web\\belajar-ci\\first-app\\app\\Views\\pages\\employee-detail.php', 7)
 2 SYSTEMPATH\View\View.php(228): include('C:\\Users\\Admin\\Documents\\web\\belajar-ci\\first-app\\app\\Views\\pages\\employee-detail.php')
 3 SYSTEMPATH\View\View.php(231): CodeIgniter\View\View->CodeIgniter\View\{closure}()
 4 SYSTEMPATH\Common.php(1190): CodeIgniter\View\View->render('pages/employee-detail', [], true)
 5 APPPATH\Controllers\Pages.php(49): view('pages/employee-detail', [...])
 6 SYSTEMPATH\CodeIgniter.php(942): App\Controllers\Pages->employee('21')
 7 SYSTEMPATH\CodeIgniter.php(502): CodeIgniter\CodeIgniter->runController(Object(App\Controllers\Pages))
 8 SYSTEMPATH\CodeIgniter.php(361): CodeIgniter\CodeIgniter->handleRequest(null, Object(Config\Cache), false)
 9 FCPATH\index.php(79): CodeIgniter\CodeIgniter->run()
10 SYSTEMPATH\Commands\Server\rewrite.php(47): require_once('C:\\Users\\Admin\\Documents\\web\\belajar-ci\\first-app\\public\\index.php')
CRITICAL - 2023-11-19 15:43:58 --> Trying to access array offset on value of type null
in APPPATH\Views\pages\employee-detail.php on line 7.
 1 APPPATH\Views\pages\employee-detail.php(7): CodeIgniter\Debug\Exceptions->errorHandler(2, 'Trying to access array offset on value of type null', 'C:\\Users\\Admin\\Documents\\web\\belajar-ci\\first-app\\app\\Views\\pages\\employee-detail.php', 7)
 2 SYSTEMPATH\View\View.php(228): include('C:\\Users\\Admin\\Documents\\web\\belajar-ci\\first-app\\app\\Views\\pages\\employee-detail.php')
 3 SYSTEMPATH\View\View.php(231): CodeIgniter\View\View->CodeIgniter\View\{closure}()
 4 SYSTEMPATH\Common.php(1190): CodeIgniter\View\View->render('pages/employee-detail', [], true)
 5 APPPATH\Controllers\Pages.php(49): view('pages/employee-detail', [...])
 6 SYSTEMPATH\CodeIgniter.php(942): App\Controllers\Pages->employee('343')
 7 SYSTEMPATH\CodeIgniter.php(502): CodeIgniter\CodeIgniter->runController(Object(App\Controllers\Pages))
 8 SYSTEMPATH\CodeIgniter.php(361): CodeIgniter\CodeIgniter->handleRequest(null, Object(Config\Cache), false)
 9 FCPATH\index.php(79): CodeIgniter\CodeIgniter->run()
10 SYSTEMPATH\Commands\Server\rewrite.php(47): require_once('C:\\Users\\Admin\\Documents\\web\\belajar-ci\\first-app\\public\\index.php')
CRITICAL - 2023-11-19 16:20:34 --> Undefined variable $error_message
in APPPATH\Views\pages\employee-detail.php on line 30.
 1 APPPATH\Views\pages\employee-detail.php(30): CodeIgniter\Debug\Exceptions->errorHandler(2, 'Undefined variable $error_message', 'C:\\Users\\Admin\\Documents\\web\\belajar-ci\\first-app\\app\\Views\\pages\\employee-detail.php', 30)
 2 SYSTEMPATH\View\View.php(228): include('C:\\Users\\Admin\\Documents\\web\\belajar-ci\\first-app\\app\\Views\\pages\\employee-detail.php')
 3 SYSTEMPATH\View\View.php(231): CodeIgniter\View\View->CodeIgniter\View\{closure}()
 4 SYSTEMPATH\Common.php(1190): CodeIgniter\View\View->render('pages/employee-detail', [], true)
 5 APPPATH\Controllers\Pages.php(49): view('pages/employee-detail', [...])
 6 SYSTEMPATH\CodeIgniter.php(942): App\Controllers\Pages->employee('23')
 7 SYSTEMPATH\CodeIgniter.php(502): CodeIgniter\CodeIgniter->runController(Object(App\Controllers\Pages))
 8 SYSTEMPATH\CodeIgniter.php(361): CodeIgniter\CodeIgniter->handleRequest(null, Object(Config\Cache), false)
 9 FCPATH\index.php(79): CodeIgniter\CodeIgniter->run()
10 SYSTEMPATH\Commands\Server\rewrite.php(47): require_once('C:\\Users\\Admin\\Documents\\web\\belajar-ci\\first-app\\public\\index.php')
CRITICAL - 2023-11-19 16:20:44 --> Undefined variable $error_value
in APPPATH\Views\pages\employee-detail.php on line 32.
 1 APPPATH\Views\pages\employee-detail.php(32): CodeIgniter\Debug\Exceptions->errorHandler(2, 'Undefined variable $error_value', 'C:\\Users\\Admin\\Documents\\web\\belajar-ci\\first-app\\app\\Views\\pages\\employee-detail.php', 32)
 2 SYSTEMPATH\View\View.php(228): include('C:\\Users\\Admin\\Documents\\web\\belajar-ci\\first-app\\app\\Views\\pages\\employee-detail.php')
 3 SYSTEMPATH\View\View.php(231): CodeIgniter\View\View->CodeIgniter\View\{closure}()
 4 SYSTEMPATH\Common.php(1190): CodeIgniter\View\View->render('pages/employee-detail', [], true)
 5 APPPATH\Controllers\Pages.php(49): view('pages/employee-detail', [...])
 6 SYSTEMPATH\CodeIgniter.php(942): App\Controllers\Pages->employee('23')
 7 SYSTEMPATH\CodeIgniter.php(502): CodeIgniter\CodeIgniter->runController(Object(App\Controllers\Pages))
 8 SYSTEMPATH\CodeIgniter.php(361): CodeIgniter\CodeIgniter->handleRequest(null, Object(Config\Cache), false)
 9 FCPATH\index.php(79): CodeIgniter\CodeIgniter->run()
10 SYSTEMPATH\Commands\Server\rewrite.php(47): require_once('C:\\Users\\Admin\\Documents\\web\\belajar-ci\\first-app\\public\\index.php')
CRITICAL - 2023-11-19 16:23:05 --> Undefined variable $data_employee
in APPPATH\Views\pages\employee-detail.php on line 46.
 1 APPPATH\Views\pages\employee-detail.php(46): CodeIgniter\Debug\Exceptions->errorHandler(2, 'Undefined variable $data_employee', 'C:\\Users\\Admin\\Documents\\web\\belajar-ci\\first-app\\app\\Views\\pages\\employee-detail.php', 46)
 2 SYSTEMPATH\View\View.php(228): include('C:\\Users\\Admin\\Documents\\web\\belajar-ci\\first-app\\app\\Views\\pages\\employee-detail.php')
 3 SYSTEMPATH\View\View.php(231): CodeIgniter\View\View->CodeIgniter\View\{closure}()
 4 SYSTEMPATH\Common.php(1190): CodeIgniter\View\View->render('pages/employee-detail', [], true)
 5 APPPATH\Controllers\Pages.php(49): view('pages/employee-detail', [...])
 6 SYSTEMPATH\CodeIgniter.php(942): App\Controllers\Pages->employee('23')
 7 SYSTEMPATH\CodeIgniter.php(502): CodeIgniter\CodeIgniter->runController(Object(App\Controllers\Pages))
 8 SYSTEMPATH\CodeIgniter.php(361): CodeIgniter\CodeIgniter->handleRequest(null, Object(Config\Cache), false)
 9 FCPATH\index.php(79): CodeIgniter\CodeIgniter->run()
10 SYSTEMPATH\Commands\Server\rewrite.php(47): require_once('C:\\Users\\Admin\\Documents\\web\\belajar-ci\\first-app\\public\\index.php')
CRITICAL - 2023-11-19 16:23:33 --> Cannot access offset of type string on string
in APPPATH\Views\pages\employee-detail.php on line 47.
 1 SYSTEMPATH\View\View.php(228): include()
 2 SYSTEMPATH\View\View.php(231): CodeIgniter\View\View->CodeIgniter\View\{closure}()
 3 SYSTEMPATH\Common.php(1190): CodeIgniter\View\View->render('pages/employee-detail', [], true)
 4 APPPATH\Controllers\Pages.php(49): view('pages/employee-detail', [...])
 5 SYSTEMPATH\CodeIgniter.php(942): App\Controllers\Pages->employee('23')
 6 SYSTEMPATH\CodeIgniter.php(502): CodeIgniter\CodeIgniter->runController(Object(App\Controllers\Pages))
 7 SYSTEMPATH\CodeIgniter.php(361): CodeIgniter\CodeIgniter->handleRequest(null, Object(Config\Cache), false)
 8 FCPATH\index.php(79): CodeIgniter\CodeIgniter->run()
 9 SYSTEMPATH\Commands\Server\rewrite.php(47): require_once('C:\\Users\\Admin\\Documents\\web\\belajar-ci\\first-app\\public\\index.php')
CRITICAL - 2023-11-19 16:25:27 --> Cannot access offset of type string on string
in APPPATH\Views\pages\employee-detail.php on line 47.
 1 SYSTEMPATH\View\View.php(228): include()
 2 SYSTEMPATH\View\View.php(231): CodeIgniter\View\View->CodeIgniter\View\{closure}()
 3 SYSTEMPATH\Common.php(1190): CodeIgniter\View\View->render('pages/employee-detail', [], true)
 4 APPPATH\Controllers\Pages.php(50): view('pages/employee-detail', [...])
 5 SYSTEMPATH\CodeIgniter.php(942): App\Controllers\Pages->employee('23')
 6 SYSTEMPATH\CodeIgniter.php(502): CodeIgniter\CodeIgniter->runController(Object(App\Controllers\Pages))
 7 SYSTEMPATH\CodeIgniter.php(361): CodeIgniter\CodeIgniter->handleRequest(null, Object(Config\Cache), false)
 8 FCPATH\index.php(79): CodeIgniter\CodeIgniter->run()
 9 SYSTEMPATH\Commands\Server\rewrite.php(47): require_once('C:\\Users\\Admin\\Documents\\web\\belajar-ci\\first-app\\public\\index.php')
