CRITICAL - 2023-11-09 01:01:58 --> Trying to access array offset on value of type null
in APPPATH\Views\pages\insert.php on line 3.
 1 APPPATH\Views\pages\insert.php(3): CodeIgniter\Debug\Exceptions->errorHandler(2, 'Trying to access array offset on value of type null', 'C:\\Users\\Administrator\\Documents\\folder-salman\\first-app\\app\\Views\\pages\\insert.php', 3)
 2 SYSTEMPATH\View\View.php(228): include('C:\\Users\\Administrator\\Documents\\folder-salman\\first-app\\app\\Views\\pages\\insert.php')
 3 SYSTEMPATH\View\View.php(231): CodeIgniter\View\View->CodeIgniter\View\{closure}()
 4 SYSTEMPATH\Common.php(1190): CodeIgniter\View\View->render('pages/insert', [], true)
 5 APPPATH\Controllers\Pages.php(71): view('pages/insert', [...])
 6 SYSTEMPATH\CodeIgniter.php(942): App\Controllers\Pages->insertEmployee()
 7 SYSTEMPATH\CodeIgniter.php(502): CodeIgniter\CodeIgniter->runController(Object(App\Controllers\Pages))
 8 SYSTEMPATH\CodeIgniter.php(361): CodeIgniter\CodeIgniter->handleRequest(null, Object(Config\Cache), false)
 9 FCPATH\index.php(79): CodeIgniter\CodeIgniter->run()
10 SYSTEMPATH\Commands\Server\rewrite.php(47): require_once('C:\\Users\\Administrator\\Documents\\folder-salman\\first-app\\public\\index.php')
CRITICAL - 2023-11-09 01:03:04 --> Array to string conversion
in APPPATH\Views\pages\insert.php on line 14.
 1 APPPATH\Views\pages\insert.php(14): CodeIgniter\Debug\Exceptions->errorHandler(2, 'Array to string conversion', 'C:\\Users\\Administrator\\Documents\\folder-salman\\first-app\\app\\Views\\pages\\insert.php', 14)
 2 SYSTEMPATH\View\View.php(228): include('C:\\Users\\Administrator\\Documents\\folder-salman\\first-app\\app\\Views\\pages\\insert.php')
 3 SYSTEMPATH\View\View.php(231): CodeIgniter\View\View->CodeIgniter\View\{closure}()
 4 SYSTEMPATH\Common.php(1190): CodeIgniter\View\View->render('pages/insert', [], true)
 5 APPPATH\Controllers\Pages.php(71): view('pages/insert', [...])
 6 SYSTEMPATH\CodeIgniter.php(942): App\Controllers\Pages->insertEmployee()
 7 SYSTEMPATH\CodeIgniter.php(502): CodeIgniter\CodeIgniter->runController(Object(App\Controllers\Pages))
 8 SYSTEMPATH\CodeIgniter.php(361): CodeIgniter\CodeIgniter->handleRequest(null, Object(Config\Cache), false)
 9 FCPATH\index.php(79): CodeIgniter\CodeIgniter->run()
10 SYSTEMPATH\Commands\Server\rewrite.php(47): require_once('C:\\Users\\Administrator\\Documents\\folder-salman\\first-app\\public\\index.php')
CRITICAL - 2023-11-09 01:08:34 --> Trying to access array offset on value of type null
in APPPATH\Views\pages\insert.php on line 5.
 1 APPPATH\Views\pages\insert.php(5): CodeIgniter\Debug\Exceptions->errorHandler(2, 'Trying to access array offset on value of type null', 'C:\\Users\\Administrator\\Documents\\folder-salman\\first-app\\app\\Views\\pages\\insert.php', 5)
 2 SYSTEMPATH\View\View.php(228): include('C:\\Users\\Administrator\\Documents\\folder-salman\\first-app\\app\\Views\\pages\\insert.php')
 3 SYSTEMPATH\View\View.php(231): CodeIgniter\View\View->CodeIgniter\View\{closure}()
 4 SYSTEMPATH\Common.php(1190): CodeIgniter\View\View->render('pages/insert', [], true)
 5 APPPATH\Controllers\Pages.php(71): view('pages/insert', [...])
 6 SYSTEMPATH\CodeIgniter.php(942): App\Controllers\Pages->insertEmployee()
 7 SYSTEMPATH\CodeIgniter.php(502): CodeIgniter\CodeIgniter->runController(Object(App\Controllers\Pages))
 8 SYSTEMPATH\CodeIgniter.php(361): CodeIgniter\CodeIgniter->handleRequest(null, Object(Config\Cache), false)
 9 FCPATH\index.php(79): CodeIgniter\CodeIgniter->run()
10 SYSTEMPATH\Commands\Server\rewrite.php(47): require_once('C:\\Users\\Administrator\\Documents\\folder-salman\\first-app\\public\\index.php')
CRITICAL - 2023-11-09 01:08:57 --> Trying to access array offset on value of type null
in APPPATH\Views\pages\insert.php on line 3.
 1 APPPATH\Views\pages\insert.php(3): CodeIgniter\Debug\Exceptions->errorHandler(2, 'Trying to access array offset on value of type null', 'C:\\Users\\Administrator\\Documents\\folder-salman\\first-app\\app\\Views\\pages\\insert.php', 3)
 2 SYSTEMPATH\View\View.php(228): include('C:\\Users\\Administrator\\Documents\\folder-salman\\first-app\\app\\Views\\pages\\insert.php')
 3 SYSTEMPATH\View\View.php(231): CodeIgniter\View\View->CodeIgniter\View\{closure}()
 4 SYSTEMPATH\Common.php(1190): CodeIgniter\View\View->render('pages/insert', [], true)
 5 APPPATH\Controllers\Pages.php(71): view('pages/insert', [...])
 6 SYSTEMPATH\CodeIgniter.php(942): App\Controllers\Pages->insertEmployee()
 7 SYSTEMPATH\CodeIgniter.php(502): CodeIgniter\CodeIgniter->runController(Object(App\Controllers\Pages))
 8 SYSTEMPATH\CodeIgniter.php(361): CodeIgniter\CodeIgniter->handleRequest(null, Object(Config\Cache), false)
 9 FCPATH\index.php(79): CodeIgniter\CodeIgniter->run()
10 SYSTEMPATH\Commands\Server\rewrite.php(47): require_once('C:\\Users\\Administrator\\Documents\\folder-salman\\first-app\\public\\index.php')
